# JRE version: OpenJDK Runtime Environment (17.0.11) (build 17.0.11+0--11852314)
# Java VM: OpenJDK 64-Bit Server VM (17.0.11+0--11852314, mixed mode, tiered, compressed oops, compressed class ptrs, g1 gc, windows-amd64)
GC Precious Log:
 CPUs: 8 total, 8 available
 Memory: 7502M
 Large Page Support: Disabled
 NUMA Support: Disabled
 Compressed Oops: Enabled (32-bit)
 Heap Region Size: 1M
 Heap Min Capacity: 8M
 Heap Initial Capacity: 118M
 Heap Max Capacity: 2G
 Pre-touch: Disabled
 Parallel Workers: 8
 Concurrent Workers: 2
 Concurrent Refinement Workers: 8
 Periodic GC: Disabled
Heap:
 garbage-first heap   total 96256K, used 56869K [0x0000000080000000, 0x0000000100000000)
  region size 1024K, 4 young (4096K), 1 survivors (1024K)
 Metaspace       used 57834K, committed 58304K, reserved 1114112K
  class space    used 7740K, committed 7936K, reserved 1048576K
GC Heap History (20 events):
Event: 5.388 GC heap before
{Heap before GC invocations=9 (full 0):
 garbage-first heap   total 71680K, used 52424K [0x0000000080000000, 0x0000000100000000)
  region size 1024K, 28 young (28672K), 4 survivors (4096K)
 Metaspace       used 42164K, committed 42560K, reserved 1114112K
  class space    used 5538K, committed 5696K, reserved 1048576K
}
Event: 5.391 GC heap after
{Heap after GC invocations=10 (full 0):
 garbage-first heap   total 86016K, used 28983K [0x0000000080000000, 0x0000000100000000)
  region size 1024K, 2 young (2048K), 2 survivors (2048K)
 Metaspace       used 42164K, committed 42560K, reserved 1114112K
  class space    used 5538K, committed 5696K, reserved 1048576K
}
Event: 5.973 GC heap before
{Heap before GC invocations=10 (full 0):
 garbage-first heap   total 86016K, used 62775K [0x0000000080000000, 0x0000000100000000)
  region size 1024K, 35 young (35840K), 2 survivors (2048K)
 Metaspace       used 46775K, committed 47168K, reserved 1114112K
  class space    used 6313K, committed 6464K, reserved 1048576K
}
Event: 5.976 GC heap after
{Heap after GC invocations=11 (full 0):
 garbage-first heap   total 86016K, used 31065K [0x0000000080000000, 0x0000000100000000)
  region size 1024K, 4 young (4096K), 4 survivors (4096K)
 Metaspace       used 46775K, committed 47168K, reserved 1114112K
  class space    used 6313K, committed 6464K, reserved 1048576K
}
Event: 6.706 GC heap before
{Heap before GC invocations=11 (full 0):
 garbage-first heap   total 86016K, used 64857K [0x0000000080000000, 0x0000000100000000)
  region size 1024K, 37 young (37888K), 4 survivors (4096K)
 Metaspace       used 50558K, committed 51072K, reserved 1114112K
  class space    used 6847K, committed 7104K, reserved 1048576K
}
Event: 6.710 GC heap after
{Heap after GC invocations=12 (full 0):
 garbage-first heap   total 86016K, used 33930K [0x0000000080000000, 0x0000000100000000)
  region size 1024K, 5 young (5120K), 5 survivors (5120K)
 Metaspace       used 50558K, committed 51072K, reserved 1114112K
  class space    used 6847K, committed 7104K, reserved 1048576K
}
Event: 7.354 GC heap before
{Heap before GC invocations=12 (full 0):
 garbage-first heap   total 86016K, used 64650K [0x0000000080000000, 0x0000000100000000)
  region size 1024K, 36 young (36864K), 5 survivors (5120K)
 Metaspace       used 51521K, committed 51968K, reserved 1114112K
  class space    used 6958K, committed 7168K, reserved 1048576K
}
Event: 7.359 GC heap after
{Heap after GC invocations=13 (full 0):
 garbage-first heap   total 86016K, used 37668K [0x0000000080000000, 0x0000000100000000)
  region size 1024K, 5 young (5120K), 5 survivors (5120K)
 Metaspace       used 51521K, committed 51968K, reserved 1114112K
  class space    used 6958K, committed 7168K, reserved 1048576K
}
Event: 7.576 GC heap before
{Heap before GC invocations=13 (full 0):
 garbage-first heap   total 86016K, used 52004K [0x0000000080000000, 0x0000000100000000)
  region size 1024K, 15 young (15360K), 5 survivors (5120K)
 Metaspace       used 51774K, committed 52288K, reserved 1114112K
  class space    used 6976K, committed 7232K, reserved 1048576K
}
Event: 7.580 GC heap after
{Heap after GC invocations=14 (full 0):
 garbage-first heap   total 86016K, used 46478K [0x0000000080000000, 0x0000000100000000)
  region size 1024K, 4 young (4096K), 4 survivors (4096K)
 Metaspace       used 51774K, committed 52288K, reserved 1114112K
  class space    used 6976K, committed 7232K, reserved 1048576K
}
Event: 7.620 GC heap before
{Heap before GC invocations=15 (full 0):
 garbage-first heap   total 89088K, used 51598K [0x0000000080000000, 0x0000000100000000)
  region size 1024K, 6 young (6144K), 4 survivors (4096K)
 Metaspace       used 51774K, committed 52288K, reserved 1114112K
  class space    used 6976K, committed 7232K, reserved 1048576K
}
Event: 7.623 GC heap after
{Heap after GC invocations=16 (full 0):
 garbage-first heap   total 89088K, used 52681K [0x0000000080000000, 0x0000000100000000)
  region size 1024K, 3 young (3072K), 3 survivors (3072K)
 Metaspace       used 51774K, committed 52288K, reserved 1114112K
  class space    used 6976K, committed 7232K, reserved 1048576K
}
Event: 7.844 GC heap before
{Heap before GC invocations=17 (full 0):
 garbage-first heap   total 94208K, used 62921K [0x0000000080000000, 0x0000000100000000)
  region size 1024K, 13 young (13312K), 3 survivors (3072K)
 Metaspace       used 52886K, committed 53376K, reserved 1114112K
  class space    used 7122K, committed 7360K, reserved 1048576K
}
Event: 7.845 GC heap after
{Heap after GC invocations=18 (full 0):
 garbage-first heap   total 94208K, used 53798K [0x0000000080000000, 0x0000000100000000)
  region size 1024K, 2 young (2048K), 2 survivors (2048K)
 Metaspace       used 52886K, committed 53376K, reserved 1114112K
  class space    used 7122K, committed 7360K, reserved 1048576K
}
Event: 7.877 GC heap before
{Heap before GC invocations=18 (full 0):
 garbage-first heap   total 94208K, used 54822K [0x0000000080000000, 0x0000000100000000)
  region size 1024K, 4 young (4096K), 2 survivors (2048K)
 Metaspace       used 53219K, committed 53760K, reserved 1114112K
  class space    used 7161K, committed 7424K, reserved 1048576K
}
Event: 7.878 GC heap after
{Heap after GC invocations=19 (full 0):
 garbage-first heap   total 94208K, used 53910K [0x0000000080000000, 0x0000000100000000)
  region size 1024K, 1 young (1024K), 1 survivors (1024K)
 Metaspace       used 53219K, committed 53760K, reserved 1114112K
  class space    used 7161K, committed 7424K, reserved 1048576K
}
Event: 8.076 GC heap before
{Heap before GC invocations=19 (full 0):
 garbage-first heap   total 94208K, used 66198K [0x0000000080000000, 0x0000000100000000)
  region size 1024K, 13 young (13312K), 1 survivors (1024K)
 Metaspace       used 54826K, committed 55424K, reserved 1114112K
  class space    used 7410K, committed 7680K, reserved 1048576K
}
Event: 8.078 GC heap after
{Heap after GC invocations=20 (full 0):
 garbage-first heap   total 94208K, used 54341K [0x0000000080000000, 0x0000000100000000)
  region size 1024K, 1 young (1024K), 1 survivors (1024K)
 Metaspace       used 54826K, committed 55424K, reserved 1114112K
  class space    used 7410K, committed 7680K, reserved 1048576K
}
Event: 8.296 GC heap before
{Heap before GC invocations=21 (full 0):
 garbage-first heap   total 96256K, used 66629K [0x0000000080000000, 0x0000000100000000)
  region size 1024K, 14 young (14336K), 1 survivors (1024K)
 Metaspace       used 57322K, committed 57792K, reserved 1114112K
  class space    used 7684K, committed 7872K, reserved 1048576K
}
Event: 8.298 GC heap after
{Heap after GC invocations=22 (full 0):
 garbage-first heap   total 96256K, used 54821K [0x0000000080000000, 0x0000000100000000)
  region size 1024K, 1 young (1024K), 1 survivors (1024K)
 Metaspace       used 57322K, committed 57792K, reserved 1114112K
  class space    used 7684K, committed 7872K, reserved 1048576K
}

