# JRE version: OpenJDK Runtime Environment (17.0.10) (build 17.0.10+0--11609105)
# Java VM: OpenJDK 64-Bit Server VM (17.0.10+0--11609105, mixed mode, tiered, compressed oops, compressed class ptrs, g1 gc, windows-amd64)
GC Precious Log:
 CPUs: 8 total, 8 available
 Memory: 7502M
 Large Page Support: Disabled
 NUMA Support: Disabled
 Compressed Oops: Enabled (32-bit)
 Heap Region Size: 1M
 Heap Min Capacity: 8M
 Heap Initial Capacity: 118M
 Heap Max Capacity: 2G
 Pre-touch: Disabled
 Parallel Workers: 8
 Concurrent Workers: 2
 Concurrent Refinement Workers: 8
 Periodic GC: Disabled
Heap:
 garbage-first heap   total 194560K, used 140107K [0x0000000080000000, 0x0000000100000000)
  region size 1024K, 2 young (2048K), 2 survivors (2048K)
 Metaspace       used 101644K, committed 102400K, reserved 1179648K
  class space    used 13904K, committed 14272K, reserved 1048576K
GC Heap History (20 events):
Event: 17.870 GC heap after
{Heap after GC invocations=38 (full 0):
 garbage-first heap   total 155648K, used 97052K [0x0000000080000000, 0x0000000100000000)
  region size 1024K, 3 young (3072K), 3 survivors (3072K)
 Metaspace       used 77760K, committed 78400K, reserved 1179648K
  class space    used 10790K, committed 11072K, reserved 1048576K
}
Event: 17.883 GC heap before
{Heap before GC invocations=38 (full 0):
 garbage-first heap   total 155648K, used 102172K [0x0000000080000000, 0x0000000100000000)
  region size 1024K, 7 young (7168K), 3 survivors (3072K)
 Metaspace       used 77769K, committed 78400K, reserved 1179648K
  class space    used 10790K, committed 11072K, reserved 1048576K
}
Event: 17.886 GC heap after
{Heap after GC invocations=39 (full 0):
 garbage-first heap   total 187392K, used 98219K [0x0000000080000000, 0x0000000100000000)
  region size 1024K, 1 young (1024K), 1 survivors (1024K)
 Metaspace       used 77769K, committed 78400K, reserved 1179648K
  class space    used 10790K, committed 11072K, reserved 1048576K
}
Event: 18.545 GC heap before
{Heap before GC invocations=39 (full 0):
 garbage-first heap   total 187392K, used 147371K [0x0000000080000000, 0x0000000100000000)
  region size 1024K, 49 young (50176K), 1 survivors (1024K)
 Metaspace       used 82332K, committed 83008K, reserved 1179648K
  class space    used 11411K, committed 11712K, reserved 1048576K
}
Event: 18.550 GC heap after
{Heap after GC invocations=40 (full 0):
 garbage-first heap   total 187392K, used 101141K [0x0000000080000000, 0x0000000100000000)
  region size 1024K, 4 young (4096K), 4 survivors (4096K)
 Metaspace       used 82332K, committed 83008K, reserved 1179648K
  class space    used 11411K, committed 11712K, reserved 1048576K
}
Event: 19.217 GC heap before
{Heap before GC invocations=40 (full 0):
 garbage-first heap   total 187392K, used 149269K [0x0000000080000000, 0x0000000100000000)
  region size 1024K, 51 young (52224K), 4 survivors (4096K)
 Metaspace       used 87951K, committed 88576K, reserved 1179648K
  class space    used 12200K, committed 12480K, reserved 1048576K
}
Event: 19.222 GC heap after
{Heap after GC invocations=41 (full 0):
 garbage-first heap   total 187392K, used 104112K [0x0000000080000000, 0x0000000100000000)
  region size 1024K, 7 young (7168K), 7 survivors (7168K)
 Metaspace       used 87951K, committed 88576K, reserved 1179648K
  class space    used 12200K, committed 12480K, reserved 1048576K
}
Event: 19.884 GC heap before
{Heap before GC invocations=41 (full 0):
 garbage-first heap   total 187392K, used 150192K [0x0000000080000000, 0x0000000100000000)
  region size 1024K, 53 young (54272K), 7 survivors (7168K)
 Metaspace       used 90069K, committed 90816K, reserved 1179648K
  class space    used 12481K, committed 12800K, reserved 1048576K
}
Event: 19.891 GC heap after
{Heap after GC invocations=42 (full 0):
 garbage-first heap   total 187392K, used 108682K [0x0000000080000000, 0x0000000100000000)
  region size 1024K, 7 young (7168K), 7 survivors (7168K)
 Metaspace       used 90069K, committed 90816K, reserved 1179648K
  class space    used 12481K, committed 12800K, reserved 1048576K
}
Event: 20.236 GC heap before
{Heap before GC invocations=42 (full 0):
 garbage-first heap   total 187392K, used 129162K [0x0000000080000000, 0x0000000100000000)
  region size 1024K, 28 young (28672K), 7 survivors (7168K)
 Metaspace       used 93450K, committed 94144K, reserved 1179648K
  class space    used 12887K, committed 13184K, reserved 1048576K
}
Event: 20.241 GC heap after
{Heap after GC invocations=43 (full 0):
 garbage-first heap   total 187392K, used 110436K [0x0000000080000000, 0x0000000100000000)
  region size 1024K, 2 young (2048K), 2 survivors (2048K)
 Metaspace       used 93450K, committed 94144K, reserved 1179648K
  class space    used 12887K, committed 13184K, reserved 1048576K
}
Event: 20.940 GC heap before
{Heap before GC invocations=44 (full 0):
 garbage-first heap   total 194560K, used 161636K [0x0000000080000000, 0x0000000100000000)
  region size 1024K, 46 young (47104K), 2 survivors (2048K)
 Metaspace       used 99471K, committed 100288K, reserved 1179648K
  class space    used 13648K, committed 14016K, reserved 1048576K
}
Event: 20.943 GC heap after
{Heap after GC invocations=45 (full 0):
 garbage-first heap   total 194560K, used 119357K [0x0000000080000000, 0x0000000100000000)
  region size 1024K, 5 young (5120K), 5 survivors (5120K)
 Metaspace       used 99471K, committed 100288K, reserved 1179648K
  class space    used 13648K, committed 14016K, reserved 1048576K
}
Event: 20.955 GC heap before
{Heap before GC invocations=45 (full 0):
 garbage-first heap   total 194560K, used 123453K [0x0000000080000000, 0x0000000100000000)
  region size 1024K, 9 young (9216K), 5 survivors (5120K)
 Metaspace       used 99471K, committed 100288K, reserved 1179648K
  class space    used 13648K, committed 14016K, reserved 1048576K
}
Event: 20.960 GC heap after
{Heap after GC invocations=46 (full 0):
 garbage-first heap   total 194560K, used 119393K [0x0000000080000000, 0x0000000100000000)
  region size 1024K, 2 young (2048K), 2 survivors (2048K)
 Metaspace       used 99471K, committed 100288K, reserved 1179648K
  class space    used 13648K, committed 14016K, reserved 1048576K
}
Event: 21.174 GC heap before
{Heap before GC invocations=46 (full 0):
 garbage-first heap   total 194560K, used 161377K [0x0000000080000000, 0x0000000100000000)
  region size 1024K, 43 young (44032K), 2 survivors (2048K)
 Metaspace       used 99643K, committed 100480K, reserved 1179648K
  class space    used 13654K, committed 14016K, reserved 1048576K
}
Event: 21.187 GC heap after
{Heap after GC invocations=47 (full 0):
 garbage-first heap   total 194560K, used 127617K [0x0000000080000000, 0x0000000100000000)
  region size 1024K, 6 young (6144K), 6 survivors (6144K)
 Metaspace       used 99643K, committed 100480K, reserved 1179648K
  class space    used 13654K, committed 14016K, reserved 1048576K
}
Event: 21.313 GC heap before
{Heap before GC invocations=47 (full 0):
 garbage-first heap   total 194560K, used 157313K [0x0000000080000000, 0x0000000100000000)
  region size 1024K, 35 young (35840K), 6 survivors (6144K)
 Metaspace       used 99654K, committed 100480K, reserved 1179648K
  class space    used 13654K, committed 14016K, reserved 1048576K
}
Event: 21.323 GC heap after
{Heap after GC invocations=48 (full 0):
 garbage-first heap   total 194560K, used 137403K [0x0000000080000000, 0x0000000100000000)
  region size 1024K, 5 young (5120K), 5 survivors (5120K)
 Metaspace       used 99654K, committed 100480K, reserved 1179648K
  class space    used 13654K, committed 14016K, reserved 1048576K
}
Event: 21.610 GC heap before
{Heap before GC invocations=48 (full 0):
 garbage-first heap   total 194560K, used 159931K [0x0000000080000000, 0x0000000100000000)
  region size 1024K, 27 young (27648K), 5 survivors (5120K)
 Metaspace       used 101644K, committed 102400K, reserved 1179648K
  class space    used 13904K, committed 14272K, reserved 1048576K
}

