# JRE version: OpenJDK Runtime Environment (17.0.11) (build 17.0.11+0--11852314)
# Java VM: OpenJDK 64-Bit Server VM (17.0.11+0--11852314, mixed mode, tiered, compressed oops, compressed class ptrs, g1 gc, windows-amd64)
GC Precious Log:
 CPUs: 8 total, 8 available
 Memory: 7502M
 Large Page Support: Disabled
 NUMA Support: Disabled
 Compressed Oops: Enabled (32-bit)
 Heap Region Size: 1M
 Heap Min Capacity: 8M
 Heap Initial Capacity: 118M
 Heap Max Capacity: 2G
 Pre-touch: Disabled
 Parallel Workers: 8
 Concurrent Workers: 2
 Concurrent Refinement Workers: 8
 Periodic GC: Disabled
Heap:
 garbage-first heap   total 92160K, used 53575K [0x0000000080000000, 0x0000000100000000)
  region size 1024K, 3 young (3072K), 3 survivors (3072K)
 Metaspace       used 53357K, committed 53824K, reserved 1114112K
  class space    used 7192K, committed 7424K, reserved 1048576K
GC Heap History (20 events):
Event: 3.141 GC heap after
{Heap after GC invocations=6 (full 0):
 garbage-first heap   total 68608K, used 22268K [0x0000000080000000, 0x0000000100000000)
  region size 1024K, 2 young (2048K), 2 survivors (2048K)
 Metaspace       used 31025K, committed 31360K, reserved 1114112K
  class space    used 4192K, committed 4352K, reserved 1048576K
}
Event: 3.493 GC heap before
{Heap before GC invocations=6 (full 0):
 garbage-first heap   total 68608K, used 47868K [0x0000000080000000, 0x0000000100000000)
  region size 1024K, 28 young (28672K), 2 survivors (2048K)
 Metaspace       used 35668K, committed 35968K, reserved 1114112K
  class space    used 4801K, committed 4928K, reserved 1048576K
}
Event: 3.497 GC heap after
{Heap after GC invocations=7 (full 0):
 garbage-first heap   total 68608K, used 24082K [0x0000000080000000, 0x0000000100000000)
  region size 1024K, 4 young (4096K), 4 survivors (4096K)
 Metaspace       used 35668K, committed 35968K, reserved 1114112K
  class space    used 4801K, committed 4928K, reserved 1048576K
}
Event: 3.763 GC heap before
{Heap before GC invocations=8 (full 0):
 garbage-first heap   total 68608K, used 49682K [0x0000000080000000, 0x0000000100000000)
  region size 1024K, 30 young (30720K), 4 survivors (4096K)
 Metaspace       used 39381K, committed 39744K, reserved 1114112K
  class space    used 5191K, committed 5376K, reserved 1048576K
}
Event: 3.767 GC heap after
{Heap after GC invocations=9 (full 0):
 garbage-first heap   total 68608K, used 27094K [0x0000000080000000, 0x0000000100000000)
  region size 1024K, 4 young (4096K), 4 survivors (4096K)
 Metaspace       used 39381K, committed 39744K, reserved 1114112K
  class space    used 5191K, committed 5376K, reserved 1048576K
}
Event: 3.788 GC heap before
{Heap before GC invocations=9 (full 0):
 garbage-first heap   total 68608K, used 28118K [0x0000000080000000, 0x0000000100000000)
  region size 1024K, 5 young (5120K), 4 survivors (4096K)
 Metaspace       used 39521K, committed 39872K, reserved 1114112K
  class space    used 5213K, committed 5376K, reserved 1048576K
}
Event: 3.792 GC heap after
{Heap after GC invocations=10 (full 0):
 garbage-first heap   total 82944K, used 27782K [0x0000000080000000, 0x0000000100000000)
  region size 1024K, 1 young (1024K), 1 survivors (1024K)
 Metaspace       used 39521K, committed 39872K, reserved 1114112K
  class space    used 5213K, committed 5376K, reserved 1048576K
}
Event: 4.217 GC heap before
{Heap before GC invocations=10 (full 0):
 garbage-first heap   total 82944K, used 60550K [0x0000000080000000, 0x0000000100000000)
  region size 1024K, 33 young (33792K), 1 survivors (1024K)
 Metaspace       used 43198K, committed 43584K, reserved 1114112K
  class space    used 5707K, committed 5888K, reserved 1048576K
}
Event: 4.219 GC heap after
{Heap after GC invocations=11 (full 0):
 garbage-first heap   total 82944K, used 29267K [0x0000000080000000, 0x0000000100000000)
  region size 1024K, 3 young (3072K), 3 survivors (3072K)
 Metaspace       used 43198K, committed 43584K, reserved 1114112K
  class space    used 5707K, committed 5888K, reserved 1048576K
}
Event: 4.740 GC heap before
{Heap before GC invocations=11 (full 0):
 garbage-first heap   total 82944K, used 61011K [0x0000000080000000, 0x0000000100000000)
  region size 1024K, 34 young (34816K), 3 survivors (3072K)
 Metaspace       used 47486K, committed 47872K, reserved 1114112K
  class space    used 6422K, committed 6592K, reserved 1048576K
}
Event: 4.743 GC heap after
{Heap after GC invocations=12 (full 0):
 garbage-first heap   total 82944K, used 31293K [0x0000000080000000, 0x0000000100000000)
  region size 1024K, 5 young (5120K), 5 survivors (5120K)
 Metaspace       used 47486K, committed 47872K, reserved 1114112K
  class space    used 6422K, committed 6592K, reserved 1048576K
}
Event: 5.357 GC heap before
{Heap before GC invocations=12 (full 0):
 garbage-first heap   total 82944K, used 62013K [0x0000000080000000, 0x0000000100000000)
  region size 1024K, 35 young (35840K), 5 survivors (5120K)
 Metaspace       used 50599K, committed 51136K, reserved 1114112K
  class space    used 6846K, committed 7104K, reserved 1048576K
}
Event: 5.364 GC heap after
{Heap after GC invocations=13 (full 0):
 garbage-first heap   total 82944K, used 34259K [0x0000000080000000, 0x0000000100000000)
  region size 1024K, 5 young (5120K), 5 survivors (5120K)
 Metaspace       used 50599K, committed 51136K, reserved 1114112K
  class space    used 6846K, committed 7104K, reserved 1048576K
}
Event: 5.819 GC heap before
{Heap before GC invocations=13 (full 0):
 garbage-first heap   total 82944K, used 62931K [0x0000000080000000, 0x0000000100000000)
  region size 1024K, 34 young (34816K), 5 survivors (5120K)
 Metaspace       used 51513K, committed 52032K, reserved 1114112K
  class space    used 6959K, committed 7232K, reserved 1048576K
}
Event: 5.824 GC heap after
{Heap after GC invocations=14 (full 0):
 garbage-first heap   total 82944K, used 37589K [0x0000000080000000, 0x0000000100000000)
  region size 1024K, 5 young (5120K), 5 survivors (5120K)
 Metaspace       used 51513K, committed 52032K, reserved 1114112K
  class space    used 6959K, committed 7232K, reserved 1048576K
}
Event: 5.919 GC heap before
{Heap before GC invocations=14 (full 0):
 garbage-first heap   total 82944K, used 47829K [0x0000000080000000, 0x0000000100000000)
  region size 1024K, 12 young (12288K), 5 survivors (5120K)
 Metaspace       used 51756K, committed 52288K, reserved 1114112K
  class space    used 6977K, committed 7232K, reserved 1048576K
}
Event: 5.922 GC heap after
{Heap after GC invocations=15 (full 0):
 garbage-first heap   total 82944K, used 43690K [0x0000000080000000, 0x0000000100000000)
  region size 1024K, 3 young (3072K), 3 survivors (3072K)
 Metaspace       used 51756K, committed 52288K, reserved 1114112K
  class space    used 6977K, committed 7232K, reserved 1048576K
}
Event: 5.961 GC heap before
{Heap before GC invocations=16 (full 0):
 garbage-first heap   total 82944K, used 46762K [0x0000000080000000, 0x0000000100000000)
  region size 1024K, 6 young (6144K), 3 survivors (3072K)
 Metaspace       used 51772K, committed 52288K, reserved 1114112K
  class space    used 6977K, committed 7232K, reserved 1048576K
}
Event: 5.963 GC heap after
{Heap after GC invocations=17 (full 0):
 garbage-first heap   total 82944K, used 46505K [0x0000000080000000, 0x0000000100000000)
  region size 1024K, 2 young (2048K), 2 survivors (2048K)
 Metaspace       used 51772K, committed 52288K, reserved 1114112K
  class space    used 6977K, committed 7232K, reserved 1048576K
}
Event: 6.287 GC heap before
{Heap before GC invocations=18 (full 0):
 garbage-first heap   total 92160K, used 65961K [0x0000000080000000, 0x0000000100000000)
  region size 1024K, 17 young (17408K), 2 survivors (2048K)
 Metaspace       used 53357K, committed 53824K, reserved 1114112K
  class space    used 7192K, committed 7424K, reserved 1048576K
}

