# JRE version: OpenJDK Runtime Environment (17.0.10) (build 17.0.10+0--11609105)
# Java VM: OpenJDK 64-Bit Server VM (17.0.10+0--11609105, mixed mode, tiered, compressed oops, compressed class ptrs, g1 gc, windows-amd64)
GC Precious Log:
 CPUs: 8 total, 8 available
 Memory: 7502M
 Large Page Support: Disabled
 NUMA Support: Disabled
 Compressed Oops: Enabled (32-bit)
 Heap Region Size: 1M
 Heap Min Capacity: 8M
 Heap Initial Capacity: 118M
 Heap Max Capacity: 2G
 Pre-touch: Disabled
 Parallel Workers: 8
 Concurrent Workers: 2
 Concurrent Refinement Workers: 8
 Periodic GC: Disabled
Heap:
 garbage-first heap   total 305152K, used 222325K [0x0000000080000000, 0x0000000100000000)
  region size 1024K, 48 young (49152K), 2 survivors (2048K)
 Metaspace       used 120194K, committed 121024K, reserved 1179648K
  class space    used 15977K, committed 16384K, reserved 1048576K
GC Heap History (20 events):
Event: 25.255 GC heap before
{Heap before GC invocations=55 (full 0):
 garbage-first heap   total 253952K, used 189683K [0x0000000080000000, 0x0000000100000000)
  region size 1024K, 63 young (64512K), 5 survivors (5120K)
 Metaspace       used 114469K, committed 115264K, reserved 1179648K
  class space    used 15347K, committed 15744K, reserved 1048576K
}
Event: 25.269 GC heap after
{Heap after GC invocations=56 (full 0):
 garbage-first heap   total 253952K, used 138906K [0x0000000080000000, 0x0000000100000000)
  region size 1024K, 8 young (8192K), 8 survivors (8192K)
 Metaspace       used 114469K, committed 115264K, reserved 1179648K
  class space    used 15347K, committed 15744K, reserved 1048576K
}
Event: 25.294 GC heap before
{Heap before GC invocations=56 (full 0):
 garbage-first heap   total 253952K, used 143002K [0x0000000080000000, 0x0000000100000000)
  region size 1024K, 12 young (12288K), 8 survivors (8192K)
 Metaspace       used 114476K, committed 115264K, reserved 1179648K
  class space    used 15347K, committed 15744K, reserved 1048576K
}
Event: 25.302 GC heap after
{Heap after GC invocations=57 (full 0):
 garbage-first heap   total 253952K, used 139165K [0x0000000080000000, 0x0000000100000000)
  region size 1024K, 2 young (2048K), 2 survivors (2048K)
 Metaspace       used 114476K, committed 115264K, reserved 1179648K
  class space    used 15347K, committed 15744K, reserved 1048576K
}
Event: 25.849 GC heap before
{Heap before GC invocations=57 (full 0):
 garbage-first heap   total 253952K, used 195485K [0x0000000080000000, 0x0000000100000000)
  region size 1024K, 58 young (59392K), 2 survivors (2048K)
 Metaspace       used 114974K, committed 115840K, reserved 1179648K
  class space    used 15388K, committed 15808K, reserved 1048576K
}
Event: 25.856 GC heap after
{Heap after GC invocations=58 (full 0):
 garbage-first heap   total 305152K, used 142140K [0x0000000080000000, 0x0000000100000000)
  region size 1024K, 5 young (5120K), 5 survivors (5120K)
 Metaspace       used 114974K, committed 115840K, reserved 1179648K
  class space    used 15388K, committed 15808K, reserved 1048576K
}
Event: 28.863 GC heap before
{Heap before GC invocations=59 (full 0):
 garbage-first heap   total 305152K, used 232252K [0x0000000080000000, 0x0000000100000000)
  region size 1024K, 94 young (96256K), 5 survivors (5120K)
 Metaspace       used 119468K, committed 120320K, reserved 1179648K
  class space    used 15902K, committed 16320K, reserved 1048576K
}
Event: 28.884 GC heap after
{Heap after GC invocations=60 (full 0):
 garbage-first heap   total 305152K, used 152137K [0x0000000080000000, 0x0000000100000000)
  region size 1024K, 12 young (12288K), 12 survivors (12288K)
 Metaspace       used 119468K, committed 120320K, reserved 1179648K
  class space    used 15902K, committed 16320K, reserved 1048576K
}
Event: 28.930 GC heap before
{Heap before GC invocations=60 (full 0):
 garbage-first heap   total 305152K, used 154185K [0x0000000080000000, 0x0000000100000000)
  region size 1024K, 14 young (14336K), 12 survivors (12288K)
 Metaspace       used 119472K, committed 120320K, reserved 1179648K
  class space    used 15902K, committed 16320K, reserved 1048576K
}
Event: 28.943 GC heap after
{Heap after GC invocations=61 (full 0):
 garbage-first heap   total 305152K, used 153250K [0x0000000080000000, 0x0000000100000000)
  region size 1024K, 2 young (2048K), 2 survivors (2048K)
 Metaspace       used 119472K, committed 120320K, reserved 1179648K
  class space    used 15902K, committed 16320K, reserved 1048576K
}
Event: 30.225 GC heap before
{Heap before GC invocations=61 (full 0):
 garbage-first heap   total 305152K, used 241314K [0x0000000080000000, 0x0000000100000000)
  region size 1024K, 84 young (86016K), 2 survivors (2048K)
 Metaspace       used 120189K, committed 121024K, reserved 1179648K
  class space    used 15977K, committed 16384K, reserved 1048576K
}
Event: 30.245 GC heap after
{Heap after GC invocations=62 (full 0):
 garbage-first heap   total 305152K, used 172798K [0x0000000080000000, 0x0000000100000000)
  region size 1024K, 11 young (11264K), 11 survivors (11264K)
 Metaspace       used 120189K, committed 121024K, reserved 1179648K
  class space    used 15977K, committed 16384K, reserved 1048576K
}
Event: 31.783 GC heap before
{Heap before GC invocations=62 (full 0):
 garbage-first heap   total 305152K, used 238334K [0x0000000080000000, 0x0000000100000000)
  region size 1024K, 75 young (76800K), 11 survivors (11264K)
 Metaspace       used 120191K, committed 121024K, reserved 1179648K
  class space    used 15977K, committed 16384K, reserved 1048576K
}
Event: 31.795 GC heap after
{Heap after GC invocations=63 (full 0):
 garbage-first heap   total 305152K, used 176035K [0x0000000080000000, 0x0000000100000000)
  region size 1024K, 5 young (5120K), 5 survivors (5120K)
 Metaspace       used 120191K, committed 121024K, reserved 1179648K
  class space    used 15977K, committed 16384K, reserved 1048576K
}
Event: 33.239 GC heap before
{Heap before GC invocations=63 (full 0):
 garbage-first heap   total 305152K, used 242595K [0x0000000080000000, 0x0000000100000000)
  region size 1024K, 70 young (71680K), 5 survivors (5120K)
 Metaspace       used 120192K, committed 121024K, reserved 1179648K
  class space    used 15977K, committed 16384K, reserved 1048576K
}
Event: 33.246 GC heap after
{Heap after GC invocations=64 (full 0):
 garbage-first heap   total 305152K, used 176834K [0x0000000080000000, 0x0000000100000000)
  region size 1024K, 5 young (5120K), 5 survivors (5120K)
 Metaspace       used 120192K, committed 121024K, reserved 1179648K
  class space    used 15977K, committed 16384K, reserved 1048576K
}
Event: 35.763 GC heap before
{Heap before GC invocations=65 (full 0):
 garbage-first heap   total 305152K, used 246466K [0x0000000080000000, 0x0000000100000000)
  region size 1024K, 73 young (74752K), 5 survivors (5120K)
 Metaspace       used 120193K, committed 121024K, reserved 1179648K
  class space    used 15977K, committed 16384K, reserved 1048576K
}
Event: 35.775 GC heap after
{Heap after GC invocations=66 (full 0):
 garbage-first heap   total 305152K, used 178453K [0x0000000080000000, 0x0000000100000000)
  region size 1024K, 7 young (7168K), 7 survivors (7168K)
 Metaspace       used 120193K, committed 121024K, reserved 1179648K
  class space    used 15977K, committed 16384K, reserved 1048576K
}
Event: 36.104 GC heap before
{Heap before GC invocations=66 (full 0):
 garbage-first heap   total 305152K, used 185621K [0x0000000080000000, 0x0000000100000000)
  region size 1024K, 14 young (14336K), 7 survivors (7168K)
 Metaspace       used 120193K, committed 121024K, reserved 1179648K
  class space    used 15977K, committed 16384K, reserved 1048576K
}
Event: 36.114 GC heap after
{Heap after GC invocations=67 (full 0):
 garbage-first heap   total 305152K, used 176245K [0x0000000080000000, 0x0000000100000000)
  region size 1024K, 2 young (2048K), 2 survivors (2048K)
 Metaspace       used 120193K, committed 121024K, reserved 1179648K
  class space    used 15977K, committed 16384K, reserved 1048576K
}

