# JRE version: OpenJDK Runtime Environment (17.0.11) (build 17.0.11+0--11852314)
# Java VM: OpenJDK 64-Bit Server VM (17.0.11+0--11852314, mixed mode, tiered, compressed oops, compressed class ptrs, g1 gc, windows-amd64)
GC Precious Log:
 CPUs: 8 total, 8 available
 Memory: 7502M
 Large Page Support: Disabled
 NUMA Support: Disabled
 Compressed Oops: Enabled (32-bit)
 Heap Region Size: 1M
 Heap Min Capacity: 8M
 Heap Initial Capacity: 118M
 Heap Max Capacity: 2G
 Pre-touch: Disabled
 Parallel Workers: 8
 Concurrent Workers: 2
 Concurrent Refinement Workers: 8
 Periodic GC: Disabled
Heap:
 garbage-first heap   total 220160K, used 181954K [0x0000000080000000, 0x0000000100000000)
  region size 1024K, 9 young (9216K), 2 survivors (2048K)
 Metaspace       used 120360K, committed 121216K, reserved 1179648K
  class space    used 15987K, committed 16384K, reserved 1048576K
GC Heap History (20 events):
Event: 47.941 GC heap before
{Heap before GC invocations=39 (full 0):
 garbage-first heap   total 220160K, used 137406K [0x0000000080000000, 0x0000000100000000)
  region size 1024K, 10 young (10240K), 6 survivors (6144K)
 Metaspace       used 110698K, committed 111488K, reserved 1179648K
  class space    used 14881K, committed 15296K, reserved 1048576K
}
Event: 47.951 GC heap after
{Heap after GC invocations=40 (full 0):
 garbage-first heap   total 220160K, used 133973K [0x0000000080000000, 0x0000000100000000)
  region size 1024K, 2 young (2048K), 2 survivors (2048K)
 Metaspace       used 110698K, committed 111488K, reserved 1179648K
  class space    used 14881K, committed 15296K, reserved 1048576K
}
Event: 48.390 GC heap before
{Heap before GC invocations=40 (full 0):
 garbage-first heap   total 220160K, used 179029K [0x0000000080000000, 0x0000000100000000)
  region size 1024K, 47 young (48128K), 2 survivors (2048K)
 Metaspace       used 110856K, committed 111680K, reserved 1179648K
  class space    used 14891K, committed 15296K, reserved 1048576K
}
Event: 48.397 GC heap after
{Heap after GC invocations=41 (full 0):
 garbage-first heap   total 220160K, used 137995K [0x0000000080000000, 0x0000000100000000)
  region size 1024K, 6 young (6144K), 6 survivors (6144K)
 Metaspace       used 110856K, committed 111680K, reserved 1179648K
  class space    used 14891K, committed 15296K, reserved 1048576K
}
Event: 49.050 GC heap before
{Heap before GC invocations=41 (full 0):
 garbage-first heap   total 220160K, used 181003K [0x0000000080000000, 0x0000000100000000)
  region size 1024K, 49 young (50176K), 6 survivors (6144K)
 Metaspace       used 111353K, committed 112192K, reserved 1179648K
  class space    used 14931K, committed 15360K, reserved 1048576K
}
Event: 49.057 GC heap after
{Heap after GC invocations=42 (full 0):
 garbage-first heap   total 220160K, used 140265K [0x0000000080000000, 0x0000000100000000)
  region size 1024K, 5 young (5120K), 5 survivors (5120K)
 Metaspace       used 111353K, committed 112192K, reserved 1179648K
  class space    used 14931K, committed 15360K, reserved 1048576K
}
Event: 49.856 GC heap before
{Heap before GC invocations=42 (full 0):
 garbage-first heap   total 220160K, used 182249K [0x0000000080000000, 0x0000000100000000)
  region size 1024K, 47 young (48128K), 5 survivors (5120K)
 Metaspace       used 112460K, committed 113344K, reserved 1179648K
  class space    used 15041K, committed 15488K, reserved 1048576K
}
Event: 49.866 GC heap after
{Heap after GC invocations=43 (full 0):
 garbage-first heap   total 220160K, used 144902K [0x0000000080000000, 0x0000000100000000)
  region size 1024K, 6 young (6144K), 6 survivors (6144K)
 Metaspace       used 112460K, committed 113344K, reserved 1179648K
  class space    used 15041K, committed 15488K, reserved 1048576K
}
Event: 50.879 GC heap before
{Heap before GC invocations=43 (full 0):
 garbage-first heap   total 220160K, used 182790K [0x0000000080000000, 0x0000000100000000)
  region size 1024K, 43 young (44032K), 6 survivors (6144K)
 Metaspace       used 115678K, committed 116608K, reserved 1179648K
  class space    used 15422K, committed 15872K, reserved 1048576K
}
Event: 50.891 GC heap after
{Heap after GC invocations=44 (full 0):
 garbage-first heap   total 220160K, used 149699K [0x0000000080000000, 0x0000000100000000)
  region size 1024K, 5 young (5120K), 5 survivors (5120K)
 Metaspace       used 115678K, committed 116608K, reserved 1179648K
  class space    used 15422K, committed 15872K, reserved 1048576K
}
Event: 64.227 GC heap before
{Heap before GC invocations=44 (full 0):
 garbage-first heap   total 220160K, used 184515K [0x0000000080000000, 0x0000000100000000)
  region size 1024K, 39 young (39936K), 5 survivors (5120K)
 Metaspace       used 119327K, committed 120256K, reserved 1179648K
  class space    used 15877K, committed 16320K, reserved 1048576K
}
Event: 64.237 GC heap after
{Heap after GC invocations=45 (full 0):
 garbage-first heap   total 220160K, used 153844K [0x0000000080000000, 0x0000000100000000)
  region size 1024K, 5 young (5120K), 5 survivors (5120K)
 Metaspace       used 119327K, committed 120256K, reserved 1179648K
  class space    used 15877K, committed 16320K, reserved 1048576K
}
Event: 65.025 GC heap before
{Heap before GC invocations=45 (full 0):
 garbage-first heap   total 220160K, used 188660K [0x0000000080000000, 0x0000000100000000)
  region size 1024K, 36 young (36864K), 5 survivors (5120K)
 Metaspace       used 120358K, committed 121216K, reserved 1179648K
  class space    used 15987K, committed 16384K, reserved 1048576K
}
Event: 65.033 GC heap after
{Heap after GC invocations=46 (full 0):
 garbage-first heap   total 220160K, used 160388K [0x0000000080000000, 0x0000000100000000)
  region size 1024K, 4 young (4096K), 4 survivors (4096K)
 Metaspace       used 120358K, committed 121216K, reserved 1179648K
  class space    used 15987K, committed 16384K, reserved 1048576K
}
Event: 65.167 GC heap before
{Heap before GC invocations=46 (full 0):
 garbage-first heap   total 220160K, used 185988K [0x0000000080000000, 0x0000000100000000)
  region size 1024K, 30 young (30720K), 4 survivors (4096K)
 Metaspace       used 120358K, committed 121216K, reserved 1179648K
  class space    used 15987K, committed 16384K, reserved 1048576K
}
Event: 65.182 GC heap after
{Heap after GC invocations=47 (full 0):
 garbage-first heap   total 220160K, used 170414K [0x0000000080000000, 0x0000000100000000)
  region size 1024K, 4 young (4096K), 4 survivors (4096K)
 Metaspace       used 120358K, committed 121216K, reserved 1179648K
  class space    used 15987K, committed 16384K, reserved 1048576K
}
Event: 65.285 GC heap before
{Heap before GC invocations=47 (full 0):
 garbage-first heap   total 220160K, used 186798K [0x0000000080000000, 0x0000000100000000)
  region size 1024K, 20 young (20480K), 4 survivors (4096K)
 Metaspace       used 120358K, committed 121216K, reserved 1179648K
  class space    used 15987K, committed 16384K, reserved 1048576K
}
Event: 65.299 GC heap after
{Heap after GC invocations=48 (full 0):
 garbage-first heap   total 220160K, used 178070K [0x0000000080000000, 0x0000000100000000)
  region size 1024K, 3 young (3072K), 3 survivors (3072K)
 Metaspace       used 120358K, committed 121216K, reserved 1179648K
  class space    used 15987K, committed 16384K, reserved 1048576K
}
Event: 65.598 GC heap before
{Heap before GC invocations=48 (full 0):
 garbage-first heap   total 220160K, used 187286K [0x0000000080000000, 0x0000000100000000)
  region size 1024K, 13 young (13312K), 3 survivors (3072K)
 Metaspace       used 120360K, committed 121216K, reserved 1179648K
  class space    used 15987K, committed 16384K, reserved 1048576K
}
Event: 65.603 GC heap after
{Heap after GC invocations=49 (full 0):
 garbage-first heap   total 220160K, used 180930K [0x0000000080000000, 0x0000000100000000)
  region size 1024K, 2 young (2048K), 2 survivors (2048K)
 Metaspace       used 120360K, committed 121216K, reserved 1179648K
  class space    used 15987K, committed 16384K, reserved 1048576K
}

