# JRE version: OpenJDK Runtime Environment (17.0.10) (build 17.0.10+0--11609105)
# Java VM: OpenJDK 64-Bit Server VM (17.0.10+0--11609105, mixed mode, tiered, compressed oops, compressed class ptrs, g1 gc, windows-amd64)
GC Precious Log:
 CPUs: 8 total, 8 available
 Memory: 7502M
 Large Page Support: Disabled
 NUMA Support: Disabled
 Compressed Oops: Enabled (32-bit)
 Heap Region Size: 1M
 Heap Min Capacity: 8M
 Heap Initial Capacity: 118M
 Heap Max Capacity: 2G
 Pre-touch: Disabled
 Parallel Workers: 8
 Concurrent Workers: 2
 Concurrent Refinement Workers: 8
 Periodic GC: Disabled
Heap:
 garbage-first heap   total 271360K, used 174575K [0x0000000080000000, 0x0000000100000000)
  region size 1024K, 6 young (6144K), 6 survivors (6144K)
 Metaspace       used 140576K, committed 141312K, reserved 1179648K
  class space    used 18154K, committed 18496K, reserved 1048576K
GC Heap History (20 events):
Event: 23.084 GC heap after
{Heap after GC invocations=33 (full 0):
 garbage-first heap   total 271360K, used 100395K [0x0000000080000000, 0x0000000100000000)
  region size 1024K, 2 young (2048K), 2 survivors (2048K)
 Metaspace       used 89927K, committed 90560K, reserved 1179648K
  class space    used 11874K, committed 12160K, reserved 1048576K
}
Event: 25.505 GC heap before
{Heap before GC invocations=33 (full 0):
 garbage-first heap   total 271360K, used 209963K [0x0000000080000000, 0x0000000100000000)
  region size 1024K, 109 young (111616K), 2 survivors (2048K)
 Metaspace       used 103761K, committed 104384K, reserved 1179648K
  class space    used 13477K, committed 13760K, reserved 1048576K
}
Event: 25.516 GC heap after
{Heap after GC invocations=34 (full 0):
 garbage-first heap   total 271360K, used 104984K [0x0000000080000000, 0x0000000100000000)
  region size 1024K, 6 young (6144K), 6 survivors (6144K)
 Metaspace       used 103761K, committed 104384K, reserved 1179648K
  class space    used 13477K, committed 13760K, reserved 1048576K
}
Event: 26.952 GC heap before
{Heap before GC invocations=34 (full 0):
 garbage-first heap   total 271360K, used 215576K [0x0000000080000000, 0x0000000100000000)
  region size 1024K, 113 young (115712K), 6 survivors (6144K)
 Metaspace       used 109773K, committed 110400K, reserved 1179648K
  class space    used 14107K, committed 14400K, reserved 1048576K
}
Event: 26.968 GC heap after
{Heap after GC invocations=35 (full 0):
 garbage-first heap   total 271360K, used 113312K [0x0000000080000000, 0x0000000100000000)
  region size 1024K, 14 young (14336K), 14 survivors (14336K)
 Metaspace       used 109773K, committed 110400K, reserved 1179648K
  class space    used 14107K, committed 14400K, reserved 1048576K
}
Event: 38.220 GC heap before
{Heap before GC invocations=35 (full 0):
 garbage-first heap   total 271360K, used 216736K [0x0000000080000000, 0x0000000100000000)
  region size 1024K, 116 young (118784K), 14 survivors (14336K)
 Metaspace       used 122493K, committed 123200K, reserved 1179648K
  class space    used 15815K, committed 16128K, reserved 1048576K
}
Event: 38.237 GC heap after
{Heap after GC invocations=36 (full 0):
 garbage-first heap   total 271360K, used 114108K [0x0000000080000000, 0x0000000100000000)
  region size 1024K, 9 young (9216K), 9 survivors (9216K)
 Metaspace       used 122493K, committed 123200K, reserved 1179648K
  class space    used 15815K, committed 16128K, reserved 1048576K
}
Event: 41.250 GC heap before
{Heap before GC invocations=36 (full 0):
 garbage-first heap   total 271360K, used 227772K [0x0000000080000000, 0x0000000100000000)
  region size 1024K, 111 young (113664K), 9 survivors (9216K)
 Metaspace       used 132514K, committed 133312K, reserved 1179648K
  class space    used 17064K, committed 17472K, reserved 1048576K
}
Event: 41.272 GC heap after
{Heap after GC invocations=37 (full 0):
 garbage-first heap   total 271360K, used 134130K [0x0000000080000000, 0x0000000100000000)
  region size 1024K, 12 young (12288K), 12 survivors (12288K)
 Metaspace       used 132514K, committed 133312K, reserved 1179648K
  class space    used 17064K, committed 17472K, reserved 1048576K
}
Event: 41.668 GC heap before
{Heap before GC invocations=37 (full 0):
 garbage-first heap   total 271360K, used 166898K [0x0000000080000000, 0x0000000100000000)
  region size 1024K, 39 young (39936K), 12 survivors (12288K)
 Metaspace       used 134092K, committed 134848K, reserved 1179648K
  class space    used 17278K, committed 17600K, reserved 1048576K
}
Event: 41.682 GC heap after
{Heap after GC invocations=38 (full 0):
 garbage-first heap   total 271360K, used 138392K [0x0000000080000000, 0x0000000100000000)
  region size 1024K, 4 young (4096K), 4 survivors (4096K)
 Metaspace       used 134092K, committed 134848K, reserved 1179648K
  class space    used 17278K, committed 17600K, reserved 1048576K
}
Event: 43.562 GC heap before
{Heap before GC invocations=39 (full 0):
 garbage-first heap   total 271360K, used 218264K [0x0000000080000000, 0x0000000100000000)
  region size 1024K, 83 young (84992K), 4 survivors (4096K)
 Metaspace       used 140305K, committed 141056K, reserved 1179648K
  class space    used 18152K, committed 18496K, reserved 1048576K
}
Event: 43.581 GC heap after
{Heap after GC invocations=40 (full 0):
 garbage-first heap   total 271360K, used 145752K [0x0000000080000000, 0x0000000100000000)
  region size 1024K, 11 young (11264K), 11 survivors (11264K)
 Metaspace       used 140305K, committed 141056K, reserved 1179648K
  class space    used 18152K, committed 18496K, reserved 1048576K
}
Event: 43.608 GC heap before
{Heap before GC invocations=40 (full 0):
 garbage-first heap   total 271360K, used 147800K [0x0000000080000000, 0x0000000100000000)
  region size 1024K, 13 young (13312K), 11 survivors (11264K)
 Metaspace       used 140305K, committed 141056K, reserved 1179648K
  class space    used 18152K, committed 18496K, reserved 1048576K
}
Event: 43.632 GC heap after
{Heap after GC invocations=41 (full 0):
 garbage-first heap   total 271360K, used 143098K [0x0000000080000000, 0x0000000100000000)
  region size 1024K, 2 young (2048K), 2 survivors (2048K)
 Metaspace       used 140305K, committed 141056K, reserved 1179648K
  class space    used 18152K, committed 18496K, reserved 1048576K
}
Event: 44.387 GC heap before
{Heap before GC invocations=41 (full 0):
 garbage-first heap   total 271360K, used 217850K [0x0000000080000000, 0x0000000100000000)
  region size 1024K, 76 young (77824K), 2 survivors (2048K)
 Metaspace       used 140386K, committed 141120K, reserved 1179648K
  class space    used 18153K, committed 18496K, reserved 1048576K
}
Event: 44.413 GC heap after
{Heap after GC invocations=42 (full 0):
 garbage-first heap   total 271360K, used 161612K [0x0000000080000000, 0x0000000100000000)
  region size 1024K, 10 young (10240K), 10 survivors (10240K)
 Metaspace       used 140386K, committed 141120K, reserved 1179648K
  class space    used 18153K, committed 18496K, reserved 1048576K
}
Event: 44.785 GC heap before
{Heap before GC invocations=42 (full 0):
 garbage-first heap   total 271360K, used 217932K [0x0000000080000000, 0x0000000100000000)
  region size 1024K, 64 young (65536K), 10 survivors (10240K)
 Metaspace       used 140525K, committed 141248K, reserved 1179648K
  class space    used 18153K, committed 18496K, reserved 1048576K
}
Event: 44.816 GC heap after
{Heap after GC invocations=43 (full 0):
 garbage-first heap   total 271360K, used 168792K [0x0000000080000000, 0x0000000100000000)
  region size 1024K, 7 young (7168K), 7 survivors (7168K)
 Metaspace       used 140525K, committed 141248K, reserved 1179648K
  class space    used 18153K, committed 18496K, reserved 1048576K
}
Event: 45.529 GC heap before
{Heap before GC invocations=43 (full 0):
 garbage-first heap   total 271360K, used 219992K [0x0000000080000000, 0x0000000100000000)
  region size 1024K, 57 young (58368K), 7 survivors (7168K)
 Metaspace       used 140576K, committed 141312K, reserved 1179648K
  class space    used 18154K, committed 18496K, reserved 1048576K
}

