# JRE version: OpenJDK Runtime Environment (17.0.11) (build 17.0.11+0--11852314)
# Java VM: OpenJDK 64-Bit Server VM (17.0.11+0--11852314, mixed mode, tiered, compressed oops, compressed class ptrs, g1 gc, windows-amd64)
GC Precious Log:
 CPUs: 8 total, 8 available
 Memory: 7502M
 Large Page Support: Disabled
 NUMA Support: Disabled
 Compressed Oops: Enabled (32-bit)
 Heap Region Size: 1M
 Heap Min Capacity: 8M
 Heap Initial Capacity: 118M
 Heap Max Capacity: 2G
 Pre-touch: Disabled
 Parallel Workers: 8
 Concurrent Workers: 2
 Concurrent Refinement Workers: 8
 Periodic GC: Disabled
Heap:
 garbage-first heap   total 97280K, used 56135K [0x0000000080000000, 0x0000000100000000)
  region size 1024K, 1 young (1024K), 1 survivors (1024K)
 Metaspace       used 59739K, committed 60224K, reserved 1114112K
  class space    used 7973K, committed 8192K, reserved 1048576K
GC Heap History (20 events):
Event: 3.159 GC heap after
{Heap after GC invocations=6 (full 0):
 garbage-first heap   total 71680K, used 22755K [0x0000000080000000, 0x0000000100000000)
  region size 1024K, 2 young (2048K), 2 survivors (2048K)
 Metaspace       used 30763K, committed 31104K, reserved 1114112K
  class space    used 4146K, committed 4288K, reserved 1048576K
}
Event: 3.537 GC heap before
{Heap before GC invocations=6 (full 0):
 garbage-first heap   total 71680K, used 50403K [0x0000000080000000, 0x0000000100000000)
  region size 1024K, 30 young (30720K), 2 survivors (2048K)
 Metaspace       used 35685K, committed 35968K, reserved 1114112K
  class space    used 4801K, committed 4928K, reserved 1048576K
}
Event: 3.540 GC heap after
{Heap after GC invocations=7 (full 0):
 garbage-first heap   total 71680K, used 24492K [0x0000000080000000, 0x0000000100000000)
  region size 1024K, 4 young (4096K), 4 survivors (4096K)
 Metaspace       used 35685K, committed 35968K, reserved 1114112K
  class space    used 4801K, committed 4928K, reserved 1048576K
}
Event: 3.844 GC heap before
{Heap before GC invocations=8 (full 0):
 garbage-first heap   total 71680K, used 52140K [0x0000000080000000, 0x0000000100000000)
  region size 1024K, 32 young (32768K), 4 survivors (4096K)
 Metaspace       used 39692K, committed 40128K, reserved 1114112K
  class space    used 5245K, committed 5440K, reserved 1048576K
}
Event: 3.849 GC heap after
{Heap after GC invocations=9 (full 0):
 garbage-first heap   total 86016K, used 27529K [0x0000000080000000, 0x0000000100000000)
  region size 1024K, 4 young (4096K), 4 survivors (4096K)
 Metaspace       used 39692K, committed 40128K, reserved 1114112K
  class space    used 5245K, committed 5440K, reserved 1048576K
}
Event: 4.301 GC heap before
{Heap before GC invocations=9 (full 0):
 garbage-first heap   total 86016K, used 62345K [0x0000000080000000, 0x0000000100000000)
  region size 1024K, 38 young (38912K), 4 survivors (4096K)
 Metaspace       used 43711K, committed 44096K, reserved 1114112K
  class space    used 5791K, committed 5952K, reserved 1048576K
}
Event: 4.306 GC heap after
{Heap after GC invocations=10 (full 0):
 garbage-first heap   total 86016K, used 30128K [0x0000000080000000, 0x0000000100000000)
  region size 1024K, 5 young (5120K), 5 survivors (5120K)
 Metaspace       used 43711K, committed 44096K, reserved 1114112K
  class space    used 5791K, committed 5952K, reserved 1048576K
}
Event: 4.856 GC heap before
{Heap before GC invocations=10 (full 0):
 garbage-first heap   total 86016K, used 63920K [0x0000000080000000, 0x0000000100000000)
  region size 1024K, 38 young (38912K), 5 survivors (5120K)
 Metaspace       used 48160K, committed 48640K, reserved 1114112K
  class space    used 6521K, committed 6720K, reserved 1048576K
}
Event: 4.861 GC heap after
{Heap after GC invocations=11 (full 0):
 garbage-first heap   total 86016K, used 32416K [0x0000000080000000, 0x0000000100000000)
  region size 1024K, 5 young (5120K), 5 survivors (5120K)
 Metaspace       used 48160K, committed 48640K, reserved 1114112K
  class space    used 6521K, committed 6720K, reserved 1048576K
}
Event: 5.473 GC heap before
{Heap before GC invocations=11 (full 0):
 garbage-first heap   total 86016K, used 65184K [0x0000000080000000, 0x0000000100000000)
  region size 1024K, 37 young (37888K), 5 survivors (5120K)
 Metaspace       used 51009K, committed 51520K, reserved 1114112K
  class space    used 6908K, committed 7168K, reserved 1048576K
}
Event: 5.479 GC heap after
{Heap after GC invocations=12 (full 0):
 garbage-first heap   total 86016K, used 35119K [0x0000000080000000, 0x0000000100000000)
  region size 1024K, 5 young (5120K), 5 survivors (5120K)
 Metaspace       used 51009K, committed 51520K, reserved 1114112K
  class space    used 6908K, committed 7168K, reserved 1048576K
}
Event: 5.929 GC heap before
{Heap before GC invocations=12 (full 0):
 garbage-first heap   total 86016K, used 69935K [0x0000000080000000, 0x0000000100000000)
  region size 1024K, 36 young (36864K), 5 survivors (5120K)
 Metaspace       used 51785K, committed 52288K, reserved 1114112K
  class space    used 6978K, committed 7232K, reserved 1048576K
}
Event: 5.936 GC heap after
{Heap after GC invocations=13 (full 0):
 garbage-first heap   total 86016K, used 46829K [0x0000000080000000, 0x0000000100000000)
  region size 1024K, 5 young (5120K), 5 survivors (5120K)
 Metaspace       used 51785K, committed 52288K, reserved 1114112K
  class space    used 6978K, committed 7232K, reserved 1048576K
}
Event: 6.135 GC heap before
{Heap before GC invocations=14 (full 0):
 garbage-first heap   total 94208K, used 70381K [0x0000000080000000, 0x0000000100000000)
  region size 1024K, 23 young (23552K), 5 survivors (5120K)
 Metaspace       used 53718K, committed 54208K, reserved 1114112K
  class space    used 7249K, committed 7488K, reserved 1048576K
}
Event: 6.138 GC heap after
{Heap after GC invocations=15 (full 0):
 garbage-first heap   total 94208K, used 54149K [0x0000000080000000, 0x0000000100000000)
  region size 1024K, 3 young (3072K), 3 survivors (3072K)
 Metaspace       used 53718K, committed 54208K, reserved 1114112K
  class space    used 7249K, committed 7488K, reserved 1048576K
}
Event: 6.397 GC heap before
{Heap before GC invocations=15 (full 0):
 garbage-first heap   total 94208K, used 71557K [0x0000000080000000, 0x0000000100000000)
  region size 1024K, 20 young (20480K), 3 survivors (3072K)
 Metaspace       used 56454K, committed 56960K, reserved 1114112K
  class space    used 7587K, committed 7872K, reserved 1048576K
}
Event: 6.400 GC heap after
{Heap after GC invocations=16 (full 0):
 garbage-first heap   total 94208K, used 55345K [0x0000000080000000, 0x0000000100000000)
  region size 1024K, 1 young (1024K), 1 survivors (1024K)
 Metaspace       used 56454K, committed 56960K, reserved 1114112K
  class space    used 7587K, committed 7872K, reserved 1048576K
}
Event: 6.686 GC heap before
{Heap before GC invocations=17 (full 0):
 garbage-first heap   total 97280K, used 72753K [0x0000000080000000, 0x0000000100000000)
  region size 1024K, 19 young (19456K), 1 survivors (1024K)
 Metaspace       used 59370K, committed 59904K, reserved 1114112K
  class space    used 7908K, committed 8128K, reserved 1048576K
}
Event: 6.689 GC heap after
{Heap after GC invocations=18 (full 0):
 garbage-first heap   total 97280K, used 56018K [0x0000000080000000, 0x0000000100000000)
  region size 1024K, 2 young (2048K), 2 survivors (2048K)
 Metaspace       used 59370K, committed 59904K, reserved 1114112K
  class space    used 7908K, committed 8128K, reserved 1048576K
}
Event: 6.735 GC heap before
{Heap before GC invocations=18 (full 0):
 garbage-first heap   total 97280K, used 58066K [0x0000000080000000, 0x0000000100000000)
  region size 1024K, 4 young (4096K), 2 survivors (2048K)
 Metaspace       used 59739K, committed 60224K, reserved 1114112K
  class space    used 7973K, committed 8192K, reserved 1048576K
}

