# JRE version: OpenJDK Runtime Environment (17.0.10) (build 17.0.10+0--11609105)
# Java VM: OpenJDK 64-Bit Server VM (17.0.10+0--11609105, mixed mode, tiered, compressed oops, compressed class ptrs, g1 gc, windows-amd64)
GC Precious Log:
 CPUs: 8 total, 8 available
 Memory: 7502M
 Large Page Support: Disabled
 NUMA Support: Disabled
 Compressed Oops: Enabled (32-bit)
 Heap Region Size: 1M
 Heap Min Capacity: 8M
 Heap Initial Capacity: 118M
 Heap Max Capacity: 2G
 Pre-touch: Disabled
 Parallel Workers: 8
 Concurrent Workers: 2
 Concurrent Refinement Workers: 8
 Periodic GC: Disabled
Heap:
 garbage-first heap   total 356352K, used 221017K [0x0000000080000000, 0x0000000100000000)
  region size 1024K, 46 young (47104K), 12 survivors (12288K)
 Metaspace       used 162861K, committed 163712K, reserved 1245184K
  class space    used 21335K, committed 21760K, reserved 1048576K
GC Heap History (20 events):
Event: 19.027 GC heap before
{Heap before GC invocations=44 (full 0):
 garbage-first heap   total 178176K, used 144105K [0x0000000080000000, 0x0000000100000000)
  region size 1024K, 41 young (41984K), 6 survivors (6144K)
 Metaspace       used 91494K, committed 92224K, reserved 1179648K
  class space    used 12424K, committed 12736K, reserved 1048576K
}
Event: 19.034 GC heap after
{Heap after GC invocations=45 (full 0):
 garbage-first heap   total 178176K, used 106754K [0x0000000080000000, 0x0000000100000000)
  region size 1024K, 2 young (2048K), 2 survivors (2048K)
 Metaspace       used 91494K, committed 92224K, reserved 1179648K
  class space    used 12424K, committed 12736K, reserved 1048576K
}
Event: 19.560 GC heap before
{Heap before GC invocations=45 (full 0):
 garbage-first heap   total 178176K, used 152834K [0x0000000080000000, 0x0000000100000000)
  region size 1024K, 41 young (41984K), 2 survivors (2048K)
 Metaspace       used 93477K, committed 94272K, reserved 1179648K
  class space    used 12847K, committed 13184K, reserved 1048576K
}
Event: 19.574 GC heap after
{Heap after GC invocations=46 (full 0):
 garbage-first heap   total 178176K, used 115955K [0x0000000080000000, 0x0000000100000000)
  region size 1024K, 6 young (6144K), 6 survivors (6144K)
 Metaspace       used 93477K, committed 94272K, reserved 1179648K
  class space    used 12847K, committed 13184K, reserved 1048576K
}
Event: 19.813 GC heap before
{Heap before GC invocations=46 (full 0):
 garbage-first heap   total 178176K, used 143603K [0x0000000080000000, 0x0000000100000000)
  region size 1024K, 33 young (33792K), 6 survivors (6144K)
 Metaspace       used 93525K, committed 94272K, reserved 1179648K
  class space    used 12848K, committed 13184K, reserved 1048576K
}
Event: 19.828 GC heap after
{Heap after GC invocations=47 (full 0):
 garbage-first heap   total 356352K, used 124758K [0x0000000080000000, 0x0000000100000000)
  region size 1024K, 5 young (5120K), 5 survivors (5120K)
 Metaspace       used 93525K, committed 94272K, reserved 1179648K
  class space    used 12848K, committed 13184K, reserved 1048576K
}
Event: 22.198 GC heap before
{Heap before GC invocations=47 (full 0):
 garbage-first heap   total 356352K, used 250710K [0x0000000080000000, 0x0000000100000000)
  region size 1024K, 122 young (124928K), 5 survivors (5120K)
 Metaspace       used 103692K, committed 104448K, reserved 1179648K
  class space    used 13871K, committed 14208K, reserved 1048576K
}
Event: 22.220 GC heap after
{Heap after GC invocations=48 (full 0):
 garbage-first heap   total 356352K, used 148480K [0x0000000080000000, 0x0000000100000000)
  region size 1024K, 16 young (16384K), 16 survivors (16384K)
 Metaspace       used 103692K, committed 104448K, reserved 1179648K
  class space    used 13871K, committed 14208K, reserved 1048576K
}
Event: 24.388 GC heap before
{Heap before GC invocations=48 (full 0):
 garbage-first heap   total 356352K, used 257024K [0x0000000080000000, 0x0000000100000000)
  region size 1024K, 121 young (123904K), 16 survivors (16384K)
 Metaspace       used 114028K, committed 114752K, reserved 1179648K
  class space    used 15136K, committed 15488K, reserved 1048576K
}
Event: 24.407 GC heap after
{Heap after GC invocations=49 (full 0):
 garbage-first heap   total 356352K, used 154779K [0x0000000080000000, 0x0000000100000000)
  region size 1024K, 6 young (6144K), 6 survivors (6144K)
 Metaspace       used 114028K, committed 114752K, reserved 1179648K
  class space    used 15136K, committed 15488K, reserved 1048576K
}
Event: 27.087 GC heap before
{Heap before GC invocations=49 (full 0):
 garbage-first heap   total 356352K, used 267419K [0x0000000080000000, 0x0000000100000000)
  region size 1024K, 116 young (118784K), 6 survivors (6144K)
 Metaspace       used 120865K, committed 121600K, reserved 1179648K
  class space    used 15821K, committed 16128K, reserved 1048576K
}
Event: 27.104 GC heap after
{Heap after GC invocations=50 (full 0):
 garbage-first heap   total 356352K, used 164630K [0x0000000080000000, 0x0000000100000000)
  region size 1024K, 15 young (15360K), 15 survivors (15360K)
 Metaspace       used 120865K, committed 121600K, reserved 1179648K
  class space    used 15821K, committed 16128K, reserved 1048576K
}
Event: 28.635 GC heap before
{Heap before GC invocations=50 (full 0):
 garbage-first heap   total 356352K, used 224022K [0x0000000080000000, 0x0000000100000000)
  region size 1024K, 74 young (75776K), 15 survivors (15360K)
 Metaspace       used 129237K, committed 129920K, reserved 1179648K
  class space    used 16781K, committed 17088K, reserved 1048576K
}
Event: 28.651 GC heap after
{Heap after GC invocations=51 (full 0):
 garbage-first heap   total 356352K, used 168667K [0x0000000080000000, 0x0000000100000000)
  region size 1024K, 4 young (4096K), 4 survivors (4096K)
 Metaspace       used 129237K, committed 129920K, reserved 1179648K
  class space    used 16781K, committed 17088K, reserved 1048576K
}
Event: 31.770 GC heap before
{Heap before GC invocations=52 (full 0):
 garbage-first heap   total 356352K, used 275163K [0x0000000080000000, 0x0000000100000000)
  region size 1024K, 108 young (110592K), 4 survivors (4096K)
 Metaspace       used 142920K, committed 143744K, reserved 1179648K
  class space    used 18697K, committed 19072K, reserved 1048576K
}
Event: 31.782 GC heap after
{Heap after GC invocations=53 (full 0):
 garbage-first heap   total 356352K, used 172299K [0x0000000080000000, 0x0000000100000000)
  region size 1024K, 8 young (8192K), 8 survivors (8192K)
 Metaspace       used 142920K, committed 143744K, reserved 1179648K
  class space    used 18697K, committed 19072K, reserved 1048576K
}
Event: 32.051 GC heap before
{Heap before GC invocations=53 (full 0):
 garbage-first heap   total 356352K, used 181515K [0x0000000080000000, 0x0000000100000000)
  region size 1024K, 17 young (17408K), 8 survivors (8192K)
 Metaspace       used 143882K, committed 144768K, reserved 1179648K
  class space    used 18842K, committed 19264K, reserved 1048576K
}
Event: 32.062 GC heap after
{Heap after GC invocations=54 (full 0):
 garbage-first heap   total 356352K, used 170965K [0x0000000080000000, 0x0000000100000000)
  region size 1024K, 1 young (1024K), 1 survivors (1024K)
 Metaspace       used 143882K, committed 144768K, reserved 1179648K
  class space    used 18842K, committed 19264K, reserved 1048576K
}
Event: 34.876 GC heap before
{Heap before GC invocations=54 (full 0):
 garbage-first heap   total 356352K, used 294869K [0x0000000080000000, 0x0000000100000000)
  region size 1024K, 109 young (111616K), 1 survivors (1024K)
 Metaspace       used 158472K, committed 159296K, reserved 1245184K
  class space    used 20742K, committed 21120K, reserved 1048576K
}
Event: 34.895 GC heap after
{Heap after GC invocations=55 (full 0):
 garbage-first heap   total 356352K, used 188249K [0x0000000080000000, 0x0000000100000000)
  region size 1024K, 12 young (12288K), 12 survivors (12288K)
 Metaspace       used 158472K, committed 159296K, reserved 1245184K
  class space    used 20742K, committed 21120K, reserved 1048576K
}

