# JRE version: OpenJDK Runtime Environment (17.0.11) (build 17.0.11+0--11852314)
# Java VM: OpenJDK 64-Bit Server VM (17.0.11+0--11852314, mixed mode, tiered, compressed oops, compressed class ptrs, g1 gc, windows-amd64)
GC Precious Log:
 CPUs: 8 total, 8 available
 Memory: 7502M
 Large Page Support: Disabled
 NUMA Support: Disabled
 Compressed Oops: Enabled (32-bit)
 Heap Region Size: 1M
 Heap Min Capacity: 8M
 Heap Initial Capacity: 118M
 Heap Max Capacity: 2G
 Pre-touch: Disabled
 Parallel Workers: 8
 Concurrent Workers: 2
 Concurrent Refinement Workers: 8
 Periodic GC: Disabled
Heap:
 garbage-first heap   total 369664K, used 235781K [0x0000000080000000, 0x0000000100000000)
  region size 1024K, 104 young (106496K), 17 survivors (17408K)
 Metaspace       used 119962K, committed 120896K, reserved 1179648K
  class space    used 15872K, committed 16320K, reserved 1048576K
GC Heap History (20 events):
Event: 13.537 GC heap before
{Heap before GC invocations=29 (full 0):
 garbage-first heap   total 168960K, used 135906K [0x0000000080000000, 0x0000000100000000)
  region size 1024K, 52 young (53248K), 5 survivors (5120K)
 Metaspace       used 99170K, committed 99968K, reserved 1179648K
  class space    used 13558K, committed 13952K, reserved 1048576K
}
Event: 13.545 GC heap after
{Heap after GC invocations=30 (full 0):
 garbage-first heap   total 168960K, used 93537K [0x0000000080000000, 0x0000000100000000)
  region size 1024K, 7 young (7168K), 7 survivors (7168K)
 Metaspace       used 99170K, committed 99968K, reserved 1179648K
  class space    used 13558K, committed 13952K, reserved 1048576K
}
Event: 13.551 GC heap before
{Heap before GC invocations=30 (full 0):
 garbage-first heap   total 168960K, used 94561K [0x0000000080000000, 0x0000000100000000)
  region size 1024K, 8 young (8192K), 7 survivors (7168K)
 Metaspace       used 99174K, committed 99968K, reserved 1179648K
  class space    used 13558K, committed 13952K, reserved 1048576K
}
Event: 13.555 GC heap after
{Heap after GC invocations=31 (full 0):
 garbage-first heap   total 168960K, used 93795K [0x0000000080000000, 0x0000000100000000)
  region size 1024K, 1 young (1024K), 1 survivors (1024K)
 Metaspace       used 99174K, committed 99968K, reserved 1179648K
  class space    used 13558K, committed 13952K, reserved 1048576K
}
Event: 13.778 GC heap before
{Heap before GC invocations=31 (full 0):
 garbage-first heap   total 168960K, used 134755K [0x0000000080000000, 0x0000000100000000)
  region size 1024K, 42 young (43008K), 1 survivors (1024K)
 Metaspace       used 99289K, committed 100032K, reserved 1179648K
  class space    used 13559K, committed 13952K, reserved 1048576K
}
Event: 13.781 GC heap after
{Heap after GC invocations=32 (full 0):
 garbage-first heap   total 168960K, used 97177K [0x0000000080000000, 0x0000000100000000)
  region size 1024K, 5 young (5120K), 5 survivors (5120K)
 Metaspace       used 99289K, committed 100032K, reserved 1179648K
  class space    used 13559K, committed 13952K, reserved 1048576K
}
Event: 14.229 GC heap before
{Heap before GC invocations=33 (full 0):
 garbage-first heap   total 179200K, used 135065K [0x0000000080000000, 0x0000000100000000)
  region size 1024K, 43 young (44032K), 5 survivors (5120K)
 Metaspace       used 99427K, committed 100224K, reserved 1179648K
  class space    used 13560K, committed 13952K, reserved 1048576K
}
Event: 14.234 GC heap after
{Heap after GC invocations=34 (full 0):
 garbage-first heap   total 179200K, used 99871K [0x0000000080000000, 0x0000000100000000)
  region size 1024K, 5 young (5120K), 5 survivors (5120K)
 Metaspace       used 99427K, committed 100224K, reserved 1179648K
  class space    used 13560K, committed 13952K, reserved 1048576K
}
Event: 14.260 GC heap before
{Heap before GC invocations=34 (full 0):
 garbage-first heap   total 179200K, used 102943K [0x0000000080000000, 0x0000000100000000)
  region size 1024K, 8 young (8192K), 5 survivors (5120K)
 Metaspace       used 99480K, committed 100224K, reserved 1179648K
  class space    used 13564K, committed 13952K, reserved 1048576K
}
Event: 14.264 GC heap after
{Heap after GC invocations=35 (full 0):
 garbage-first heap   total 179200K, used 99093K [0x0000000080000000, 0x0000000100000000)
  region size 1024K, 1 young (1024K), 1 survivors (1024K)
 Metaspace       used 99480K, committed 100224K, reserved 1179648K
  class space    used 13564K, committed 13952K, reserved 1048576K
}
Event: 14.783 GC heap before
{Heap before GC invocations=35 (full 0):
 garbage-first heap   total 179200K, used 146197K [0x0000000080000000, 0x0000000100000000)
  region size 1024K, 46 young (47104K), 1 survivors (1024K)
 Metaspace       used 102521K, committed 103232K, reserved 1179648K
  class space    used 13972K, committed 14336K, reserved 1048576K
}
Event: 14.793 GC heap after
{Heap after GC invocations=36 (full 0):
 garbage-first heap   total 179200K, used 117508K [0x0000000080000000, 0x0000000100000000)
  region size 1024K, 6 young (6144K), 6 survivors (6144K)
 Metaspace       used 102521K, committed 103232K, reserved 1179648K
  class space    used 13972K, committed 14336K, reserved 1048576K
}
Event: 15.427 GC heap before
{Heap before GC invocations=36 (full 0):
 garbage-first heap   total 179200K, used 139012K [0x0000000080000000, 0x0000000100000000)
  region size 1024K, 28 young (28672K), 6 survivors (6144K)
 Metaspace       used 104900K, committed 105600K, reserved 1179648K
  class space    used 14264K, committed 14592K, reserved 1048576K
}
Event: 15.433 GC heap after
{Heap after GC invocations=37 (full 0):
 garbage-first heap   total 369664K, used 119986K [0x0000000080000000, 0x0000000100000000)
  region size 1024K, 2 young (2048K), 2 survivors (2048K)
 Metaspace       used 104900K, committed 105600K, reserved 1179648K
  class space    used 14264K, committed 14592K, reserved 1048576K
}
Event: 17.191 GC heap before
{Heap before GC invocations=37 (full 0):
 garbage-first heap   total 369664K, used 300210K [0x0000000080000000, 0x0000000100000000)
  region size 1024K, 160 young (163840K), 2 survivors (2048K)
 Metaspace       used 109437K, committed 110208K, reserved 1179648K
  class space    used 14753K, committed 15168K, reserved 1048576K
}
Event: 17.216 GC heap after
{Heap after GC invocations=38 (full 0):
 garbage-first heap   total 369664K, used 133983K [0x0000000080000000, 0x0000000100000000)
  region size 1024K, 16 young (16384K), 16 survivors (16384K)
 Metaspace       used 109437K, committed 110208K, reserved 1179648K
  class space    used 14753K, committed 15168K, reserved 1048576K
}
Event: 19.641 GC heap before
{Heap before GC invocations=38 (full 0):
 garbage-first heap   total 369664K, used 280415K [0x0000000080000000, 0x0000000100000000)
  region size 1024K, 160 young (163840K), 16 survivors (16384K)
 Metaspace       used 110582K, committed 111296K, reserved 1179648K
  class space    used 14876K, committed 15232K, reserved 1048576K
}
Event: 19.664 GC heap after
{Heap after GC invocations=39 (full 0):
 garbage-first heap   total 369664K, used 141853K [0x0000000080000000, 0x0000000100000000)
  region size 1024K, 10 young (10240K), 10 survivors (10240K)
 Metaspace       used 110582K, committed 111296K, reserved 1179648K
  class space    used 14876K, committed 15232K, reserved 1048576K
}
Event: 35.600 GC heap before
{Heap before GC invocations=39 (full 0):
 garbage-first heap   total 369664K, used 287261K [0x0000000080000000, 0x0000000100000000)
  region size 1024K, 153 young (156672K), 10 survivors (10240K)
 Metaspace       used 119332K, committed 120128K, reserved 1179648K
  class space    used 15850K, committed 16256K, reserved 1048576K
}
Event: 35.611 GC heap after
{Heap after GC invocations=40 (full 0):
 garbage-first heap   total 369664K, used 148741K [0x0000000080000000, 0x0000000100000000)
  region size 1024K, 17 young (17408K), 17 survivors (17408K)
 Metaspace       used 119332K, committed 120128K, reserved 1179648K
  class space    used 15850K, committed 16256K, reserved 1048576K
}

