# JRE version: OpenJDK Runtime Environment (17.0.10) (build 17.0.10+0--11609105)
# Java VM: OpenJDK 64-Bit Server VM (17.0.10+0--11609105, mixed mode, tiered, compressed oops, compressed class ptrs, g1 gc, windows-amd64)
GC Precious Log:
 CPUs: 8 total, 8 available
 Memory: 7502M
 Large Page Support: Disabled
 NUMA Support: Disabled
 Compressed Oops: Enabled (32-bit)
 Heap Region Size: 1M
 Heap Min Capacity: 8M
 Heap Initial Capacity: 118M
 Heap Max Capacity: 2G
 Pre-touch: Disabled
 Parallel Workers: 8
 Concurrent Workers: 2
 Concurrent Refinement Workers: 8
 Periodic GC: Disabled
Heap:
 garbage-first heap   total 224256K, used 132844K [0x0000000080000000, 0x0000000100000000)
  region size 1024K, 2 young (2048K), 2 survivors (2048K)
 Metaspace       used 95858K, committed 96576K, reserved 1179648K
  class space    used 13130K, committed 13440K, reserved 1048576K
GC Heap History (20 events):
Event: 9.292 GC heap after
{Heap after GC invocations=41 (full 0):
 garbage-first heap   total 178176K, used 89751K [0x0000000080000000, 0x0000000100000000)
  region size 1024K, 1 young (1024K), 1 survivors (1024K)
 Metaspace       used 70273K, committed 70912K, reserved 1114112K
  class space    used 9341K, committed 9664K, reserved 1048576K
}
Event: 10.084 GC heap before
{Heap before GC invocations=41 (full 0):
 garbage-first heap   total 178176K, used 133783K [0x0000000080000000, 0x0000000100000000)
  region size 1024K, 44 young (45056K), 1 survivors (1024K)
 Metaspace       used 75002K, committed 75648K, reserved 1114112K
  class space    used 10009K, committed 10304K, reserved 1048576K
}
Event: 10.087 GC heap after
{Heap after GC invocations=42 (full 0):
 garbage-first heap   total 178176K, used 91811K [0x0000000080000000, 0x0000000100000000)
  region size 1024K, 3 young (3072K), 3 survivors (3072K)
 Metaspace       used 75002K, committed 75648K, reserved 1114112K
  class space    used 10009K, committed 10304K, reserved 1048576K
}
Event: 10.939 GC heap before
{Heap before GC invocations=42 (full 0):
 garbage-first heap   total 178176K, used 140963K [0x0000000080000000, 0x0000000100000000)
  region size 1024K, 51 young (52224K), 3 survivors (3072K)
 Metaspace       used 79733K, committed 80448K, reserved 1179648K
  class space    used 10631K, committed 10944K, reserved 1048576K
}
Event: 10.948 GC heap after
{Heap after GC invocations=43 (full 0):
 garbage-first heap   total 178176K, used 97715K [0x0000000080000000, 0x0000000100000000)
  region size 1024K, 7 young (7168K), 7 survivors (7168K)
 Metaspace       used 79733K, committed 80448K, reserved 1179648K
  class space    used 10631K, committed 10944K, reserved 1048576K
}
Event: 11.383 GC heap before
{Heap before GC invocations=43 (full 0):
 garbage-first heap   total 178176K, used 141747K [0x0000000080000000, 0x0000000100000000)
  region size 1024K, 50 young (51200K), 7 survivors (7168K)
 Metaspace       used 83347K, committed 84096K, reserved 1179648K
  class space    used 11087K, committed 11392K, reserved 1048576K
}
Event: 11.390 GC heap after
{Heap after GC invocations=44 (full 0):
 garbage-first heap   total 178176K, used 99646K [0x0000000080000000, 0x0000000100000000)
  region size 1024K, 4 young (4096K), 4 survivors (4096K)
 Metaspace       used 83347K, committed 84096K, reserved 1179648K
  class space    used 11087K, committed 11392K, reserved 1048576K
}
Event: 12.017 GC heap before
{Heap before GC invocations=45 (full 0):
 garbage-first heap   total 178176K, used 146750K [0x0000000080000000, 0x0000000100000000)
  region size 1024K, 46 young (47104K), 4 survivors (4096K)
 Metaspace       used 90625K, committed 91392K, reserved 1179648K
  class space    used 12312K, committed 12672K, reserved 1048576K
}
Event: 12.021 GC heap after
{Heap after GC invocations=46 (full 0):
 garbage-first heap   total 178176K, used 104928K [0x0000000080000000, 0x0000000100000000)
  region size 1024K, 5 young (5120K), 5 survivors (5120K)
 Metaspace       used 90625K, committed 91392K, reserved 1179648K
  class space    used 12312K, committed 12672K, reserved 1048576K
}
Event: 12.066 GC heap before
{Heap before GC invocations=46 (full 0):
 garbage-first heap   total 178176K, used 108000K [0x0000000080000000, 0x0000000100000000)
  region size 1024K, 8 young (8192K), 5 survivors (5120K)
 Metaspace       used 91188K, committed 91904K, reserved 1179648K
  class space    used 12369K, committed 12736K, reserved 1048576K
}
Event: 12.069 GC heap after
{Heap after GC invocations=47 (full 0):
 garbage-first heap   total 178176K, used 104648K [0x0000000080000000, 0x0000000100000000)
  region size 1024K, 1 young (1024K), 1 survivors (1024K)
 Metaspace       used 91188K, committed 91904K, reserved 1179648K
  class space    used 12369K, committed 12736K, reserved 1048576K
}
Event: 12.394 GC heap before
{Heap before GC invocations=47 (full 0):
 garbage-first heap   total 178176K, used 152776K [0x0000000080000000, 0x0000000100000000)
  region size 1024K, 42 young (43008K), 1 survivors (1024K)
 Metaspace       used 93343K, committed 94080K, reserved 1179648K
  class space    used 12815K, committed 13120K, reserved 1048576K
}
Event: 12.403 GC heap after
{Heap after GC invocations=48 (full 0):
 garbage-first heap   total 178176K, used 113901K [0x0000000080000000, 0x0000000100000000)
  region size 1024K, 6 young (6144K), 6 survivors (6144K)
 Metaspace       used 93343K, committed 94080K, reserved 1179648K
  class space    used 12815K, committed 13120K, reserved 1048576K
}
Event: 12.566 GC heap before
{Heap before GC invocations=48 (full 0):
 garbage-first heap   total 178176K, used 143597K [0x0000000080000000, 0x0000000100000000)
  region size 1024K, 35 young (35840K), 6 survivors (6144K)
 Metaspace       used 93392K, committed 94080K, reserved 1179648K
  class space    used 12816K, committed 13120K, reserved 1048576K
}
Event: 12.578 GC heap after
{Heap after GC invocations=49 (full 0):
 garbage-first heap   total 178176K, used 123321K [0x0000000080000000, 0x0000000100000000)
  region size 1024K, 5 young (5120K), 5 survivors (5120K)
 Metaspace       used 93392K, committed 94080K, reserved 1179648K
  class space    used 12816K, committed 13120K, reserved 1048576K
}
Event: 12.691 GC heap before
{Heap before GC invocations=49 (full 0):
 garbage-first heap   total 178176K, used 145849K [0x0000000080000000, 0x0000000100000000)
  region size 1024K, 27 young (27648K), 5 survivors (5120K)
 Metaspace       used 93403K, committed 94080K, reserved 1179648K
  class space    used 12816K, committed 13120K, reserved 1048576K
}
Event: 12.699 GC heap after
{Heap after GC invocations=50 (full 0):
 garbage-first heap   total 178176K, used 131059K [0x0000000080000000, 0x0000000100000000)
  region size 1024K, 4 young (4096K), 4 survivors (4096K)
 Metaspace       used 93403K, committed 94080K, reserved 1179648K
  class space    used 12816K, committed 13120K, reserved 1048576K
}
Event: 12.894 GC heap before
{Heap before GC invocations=51 (full 0):
 garbage-first heap   total 224256K, used 146419K [0x0000000080000000, 0x0000000100000000)
  region size 1024K, 20 young (20480K), 4 survivors (4096K)
 Metaspace       used 94493K, committed 95296K, reserved 1179648K
  class space    used 12975K, committed 13312K, reserved 1048576K
}
Event: 12.898 GC heap after
{Heap after GC invocations=52 (full 0):
 garbage-first heap   total 224256K, used 133093K [0x0000000080000000, 0x0000000100000000)
  region size 1024K, 2 young (2048K), 2 survivors (2048K)
 Metaspace       used 94493K, committed 95296K, reserved 1179648K
  class space    used 12975K, committed 13312K, reserved 1048576K
}
Event: 12.992 GC heap before
{Heap before GC invocations=52 (full 0):
 garbage-first heap   total 224256K, used 141285K [0x0000000080000000, 0x0000000100000000)
  region size 1024K, 10 young (10240K), 2 survivors (2048K)
 Metaspace       used 95858K, committed 96576K, reserved 1179648K
  class space    used 13130K, committed 13440K, reserved 1048576K
}

