# JRE version: OpenJDK Runtime Environment (17.0.10) (build 17.0.10+0--11609105)
# Java VM: OpenJDK 64-Bit Server VM (17.0.10+0--11609105, mixed mode, tiered, compressed oops, compressed class ptrs, g1 gc, windows-amd64)
GC Precious Log:
 CPUs: 8 total, 8 available
 Memory: 7502M
 Large Page Support: Disabled
 NUMA Support: Disabled
 Compressed Oops: Enabled (32-bit)
 Heap Region Size: 1M
 Heap Min Capacity: 8M
 Heap Initial Capacity: 118M
 Heap Max Capacity: 2G
 Pre-touch: Disabled
 Parallel Workers: 8
 Concurrent Workers: 2
 Concurrent Refinement Workers: 8
 Periodic GC: Disabled
Heap:
 garbage-first heap   total 324608K, used 233038K [0x0000000080000000, 0x0000000100000000)
  region size 1024K, 6 young (6144K), 6 survivors (6144K)
 Metaspace       used 126653K, committed 127552K, reserved 1179648K
  class space    used 16809K, committed 17280K, reserved 1048576K
GC Heap History (20 events):
Event: 25.274 GC heap after
{Heap after GC invocations=42 (full 0):
 garbage-first heap   total 253952K, used 100823K [0x0000000080000000, 0x0000000100000000)
  region size 1024K, 10 young (10240K), 10 survivors (10240K)
 Metaspace       used 102508K, committed 103232K, reserved 1179648K
  class space    used 13942K, committed 14272K, reserved 1048576K
}
Event: 25.287 GC heap before
{Heap before GC invocations=42 (full 0):
 garbage-first heap   total 253952K, used 102871K [0x0000000080000000, 0x0000000100000000)
  region size 1024K, 12 young (12288K), 10 survivors (10240K)
 Metaspace       used 102517K, committed 103232K, reserved 1179648K
  class space    used 13942K, committed 14272K, reserved 1048576K
}
Event: 25.295 GC heap after
{Heap after GC invocations=43 (full 0):
 garbage-first heap   total 253952K, used 100050K [0x0000000080000000, 0x0000000100000000)
  region size 1024K, 2 young (2048K), 2 survivors (2048K)
 Metaspace       used 102517K, committed 103232K, reserved 1179648K
  class space    used 13942K, committed 14272K, reserved 1048576K
}
Event: 26.351 GC heap before
{Heap before GC invocations=43 (full 0):
 garbage-first heap   total 253952K, used 200402K [0x0000000080000000, 0x0000000100000000)
  region size 1024K, 101 young (103424K), 2 survivors (2048K)
 Metaspace       used 102959K, committed 103680K, reserved 1179648K
  class space    used 13983K, committed 14336K, reserved 1048576K
}
Event: 26.364 GC heap after
{Heap after GC invocations=44 (full 0):
 garbage-first heap   total 253952K, used 106272K [0x0000000080000000, 0x0000000100000000)
  region size 1024K, 8 young (8192K), 8 survivors (8192K)
 Metaspace       used 102959K, committed 103680K, reserved 1179648K
  class space    used 13983K, committed 14336K, reserved 1048576K
}
Event: 28.307 GC heap before
{Heap before GC invocations=44 (full 0):
 garbage-first heap   total 253952K, used 200480K [0x0000000080000000, 0x0000000100000000)
  region size 1024K, 101 young (103424K), 8 survivors (8192K)
 Metaspace       used 106667K, committed 107392K, reserved 1179648K
  class space    used 14485K, committed 14848K, reserved 1048576K
}
Event: 28.324 GC heap after
{Heap after GC invocations=45 (full 0):
 garbage-first heap   total 253952K, used 112850K [0x0000000080000000, 0x0000000100000000)
  region size 1024K, 9 young (9216K), 9 survivors (9216K)
 Metaspace       used 106667K, committed 107392K, reserved 1179648K
  class space    used 14485K, committed 14848K, reserved 1048576K
}
Event: 42.249 GC heap before
{Heap before GC invocations=45 (full 0):
 garbage-first heap   total 253952K, used 205010K [0x0000000080000000, 0x0000000100000000)
  region size 1024K, 98 young (100352K), 9 survivors (9216K)
 Metaspace       used 107991K, committed 108800K, reserved 1179648K
  class space    used 14692K, committed 15104K, reserved 1048576K
}
Event: 42.264 GC heap after
{Heap after GC invocations=46 (full 0):
 garbage-first heap   total 253952K, used 121020K [0x0000000080000000, 0x0000000100000000)
  region size 1024K, 11 young (11264K), 11 survivors (11264K)
 Metaspace       used 107991K, committed 108800K, reserved 1179648K
  class space    used 14692K, committed 15104K, reserved 1048576K
}
Event: 44.613 GC heap before
{Heap before GC invocations=46 (full 0):
 garbage-first heap   total 253952K, used 209084K [0x0000000080000000, 0x0000000100000000)
  region size 1024K, 91 young (93184K), 11 survivors (11264K)
 Metaspace       used 117122K, committed 117952K, reserved 1179648K
  class space    used 15716K, committed 16128K, reserved 1048576K
}
Event: 44.627 GC heap after
{Heap after GC invocations=47 (full 0):
 garbage-first heap   total 253952K, used 130887K [0x0000000080000000, 0x0000000100000000)
  region size 1024K, 12 young (12288K), 12 survivors (12288K)
 Metaspace       used 117122K, committed 117952K, reserved 1179648K
  class space    used 15716K, committed 16128K, reserved 1048576K
}
Event: 46.095 GC heap before
{Heap before GC invocations=47 (full 0):
 garbage-first heap   total 253952K, used 202567K [0x0000000080000000, 0x0000000100000000)
  region size 1024K, 81 young (82944K), 12 survivors (12288K)
 Metaspace       used 123107K, committed 123968K, reserved 1179648K
  class space    used 16324K, committed 16768K, reserved 1048576K
}
Event: 46.131 GC heap after
{Heap after GC invocations=48 (full 0):
 garbage-first heap   total 253952K, used 166461K [0x0000000080000000, 0x0000000100000000)
  region size 1024K, 11 young (11264K), 11 survivors (11264K)
 Metaspace       used 123107K, committed 123968K, reserved 1179648K
  class space    used 16324K, committed 16768K, reserved 1048576K
}
Event: 46.388 GC heap before
{Heap before GC invocations=48 (full 0):
 garbage-first heap   total 253952K, used 191037K [0x0000000080000000, 0x0000000100000000)
  region size 1024K, 35 young (35840K), 11 survivors (11264K)
 Metaspace       used 123643K, committed 124480K, reserved 1179648K
  class space    used 16387K, committed 16832K, reserved 1048576K
}
Event: 46.411 GC heap after
{Heap after GC invocations=49 (full 0):
 garbage-first heap   total 253952K, used 188416K [0x0000000080000000, 0x0000000100000000)
  region size 1024K, 5 young (5120K), 5 survivors (5120K)
 Metaspace       used 123643K, committed 124480K, reserved 1179648K
  class space    used 16387K, committed 16832K, reserved 1048576K
}
Event: 46.995 GC heap before
{Heap before GC invocations=50 (full 0):
 garbage-first heap   total 324608K, used 204800K [0x0000000080000000, 0x0000000100000000)
  region size 1024K, 19 young (19456K), 5 survivors (5120K)
 Metaspace       used 126014K, committed 126912K, reserved 1179648K
  class space    used 16752K, committed 17216K, reserved 1048576K
}
Event: 47.001 GC heap after
{Heap after GC invocations=51 (full 0):
 garbage-first heap   total 324608K, used 194878K [0x0000000080000000, 0x0000000100000000)
  region size 1024K, 3 young (3072K), 3 survivors (3072K)
 Metaspace       used 126014K, committed 126912K, reserved 1179648K
  class space    used 16752K, committed 17216K, reserved 1048576K
}
Event: 47.241 GC heap before
{Heap before GC invocations=51 (full 0):
 garbage-first heap   total 324608K, used 207166K [0x0000000080000000, 0x0000000100000000)
  region size 1024K, 15 young (15360K), 3 survivors (3072K)
 Metaspace       used 126636K, committed 127488K, reserved 1179648K
  class space    used 16809K, committed 17280K, reserved 1048576K
}
Event: 47.248 GC heap after
{Heap after GC invocations=52 (full 0):
 garbage-first heap   total 324608K, used 194086K [0x0000000080000000, 0x0000000100000000)
  region size 1024K, 2 young (2048K), 2 survivors (2048K)
 Metaspace       used 126636K, committed 127488K, reserved 1179648K
  class space    used 16809K, committed 17280K, reserved 1048576K
}
Event: 47.771 GC heap before
{Heap before GC invocations=52 (full 0):
 garbage-first heap   total 324608K, used 235046K [0x0000000080000000, 0x0000000100000000)
  region size 1024K, 42 young (43008K), 2 survivors (2048K)
 Metaspace       used 126653K, committed 127552K, reserved 1179648K
  class space    used 16809K, committed 17280K, reserved 1048576K
}

