# JRE version: OpenJDK Runtime Environment (17.0.11) (build 17.0.11+0--11852314)
# Java VM: OpenJDK 64-Bit Server VM (17.0.11+0--11852314, mixed mode, tiered, compressed oops, compressed class ptrs, g1 gc, windows-amd64)
GC Precious Log:
 CPUs: 8 total, 8 available
 Memory: 7502M
 Large Page Support: Disabled
 NUMA Support: Disabled
 Compressed Oops: Enabled (32-bit)
 Heap Region Size: 1M
 Heap Min Capacity: 8M
 Heap Initial Capacity: 118M
 Heap Max Capacity: 2G
 Pre-touch: Disabled
 Parallel Workers: 8
 Concurrent Workers: 2
 Concurrent Refinement Workers: 8
 Periodic GC: Disabled
Heap:
 garbage-first heap   total 86016K, used 55441K [0x0000000080000000, 0x0000000100000000)
  region size 1024K, 2 young (2048K), 2 survivors (2048K)
 Metaspace       used 52267K, committed 52736K, reserved 1114112K
  class space    used 7047K, committed 7296K, reserved 1048576K
GC Heap History (20 events):
Event: 3.525 GC heap after
{Heap after GC invocations=7 (full 0):
 garbage-first heap   total 65536K, used 22975K [0x0000000080000000, 0x0000000100000000)
  region size 1024K, 3 young (3072K), 3 survivors (3072K)
 Metaspace       used 33750K, committed 34112K, reserved 1114112K
  class space    used 4608K, committed 4800K, reserved 1048576K
}
Event: 3.663 GC heap before
{Heap before GC invocations=7 (full 0):
 garbage-first heap   total 65536K, used 31167K [0x0000000080000000, 0x0000000100000000)
  region size 1024K, 12 young (12288K), 3 survivors (3072K)
 Metaspace       used 35678K, committed 35968K, reserved 1114112K
  class space    used 4802K, committed 4928K, reserved 1048576K
}
Event: 3.666 GC heap after
{Heap after GC invocations=8 (full 0):
 garbage-first heap   total 65536K, used 24115K [0x0000000080000000, 0x0000000100000000)
  region size 1024K, 3 young (3072K), 3 survivors (3072K)
 Metaspace       used 35678K, committed 35968K, reserved 1114112K
  class space    used 4802K, committed 4928K, reserved 1048576K
}
Event: 3.931 GC heap before
{Heap before GC invocations=9 (full 0):
 garbage-first heap   total 65536K, used 48691K [0x0000000080000000, 0x0000000100000000)
  region size 1024K, 27 young (27648K), 3 survivors (3072K)
 Metaspace       used 39366K, committed 39744K, reserved 1114112K
  class space    used 5189K, committed 5376K, reserved 1048576K
}
Event: 3.936 GC heap after
{Heap after GC invocations=10 (full 0):
 garbage-first heap   total 78848K, used 27534K [0x0000000080000000, 0x0000000100000000)
  region size 1024K, 4 young (4096K), 4 survivors (4096K)
 Metaspace       used 39366K, committed 39744K, reserved 1114112K
  class space    used 5189K, committed 5376K, reserved 1048576K
}
Event: 3.942 GC heap before
{Heap before GC invocations=10 (full 0):
 garbage-first heap   total 78848K, used 28558K [0x0000000080000000, 0x0000000100000000)
  region size 1024K, 5 young (5120K), 4 survivors (4096K)
 Metaspace       used 39377K, committed 39744K, reserved 1114112K
  class space    used 5189K, committed 5376K, reserved 1048576K
}
Event: 3.945 GC heap after
{Heap after GC invocations=11 (full 0):
 garbage-first heap   total 78848K, used 28164K [0x0000000080000000, 0x0000000100000000)
  region size 1024K, 1 young (1024K), 1 survivors (1024K)
 Metaspace       used 39377K, committed 39744K, reserved 1114112K
  class space    used 5189K, committed 5376K, reserved 1048576K
}
Event: 4.334 GC heap before
{Heap before GC invocations=11 (full 0):
 garbage-first heap   total 78848K, used 57860K [0x0000000080000000, 0x0000000100000000)
  region size 1024K, 30 young (30720K), 1 survivors (1024K)
 Metaspace       used 42594K, committed 43008K, reserved 1114112K
  class space    used 5606K, committed 5760K, reserved 1048576K
}
Event: 4.337 GC heap after
{Heap after GC invocations=12 (full 0):
 garbage-first heap   total 78848K, used 29980K [0x0000000080000000, 0x0000000100000000)
  region size 1024K, 3 young (3072K), 3 survivors (3072K)
 Metaspace       used 42594K, committed 43008K, reserved 1114112K
  class space    used 5606K, committed 5760K, reserved 1048576K
}
Event: 4.797 GC heap before
{Heap before GC invocations=12 (full 0):
 garbage-first heap   total 78848K, used 59676K [0x0000000080000000, 0x0000000100000000)
  region size 1024K, 32 young (32768K), 3 survivors (3072K)
 Metaspace       used 46618K, committed 47040K, reserved 1114112K
  class space    used 6275K, committed 6464K, reserved 1048576K
}
Event: 4.800 GC heap after
{Heap after GC invocations=13 (full 0):
 garbage-first heap   total 78848K, used 31967K [0x0000000080000000, 0x0000000100000000)
  region size 1024K, 2 young (2048K), 2 survivors (2048K)
 Metaspace       used 46618K, committed 47040K, reserved 1114112K
  class space    used 6275K, committed 6464K, reserved 1048576K
}
Event: 5.304 GC heap before
{Heap before GC invocations=13 (full 0):
 garbage-first heap   total 78848K, used 60639K [0x0000000080000000, 0x0000000100000000)
  region size 1024K, 30 young (30720K), 2 survivors (2048K)
 Metaspace       used 50337K, committed 50880K, reserved 1114112K
  class space    used 6833K, committed 7104K, reserved 1048576K
}
Event: 5.308 GC heap after
{Heap after GC invocations=14 (full 0):
 garbage-first heap   total 78848K, used 33583K [0x0000000080000000, 0x0000000100000000)
  region size 1024K, 4 young (4096K), 4 survivors (4096K)
 Metaspace       used 50337K, committed 50880K, reserved 1114112K
  class space    used 6833K, committed 7104K, reserved 1048576K
}
Event: 5.784 GC heap before
{Heap before GC invocations=14 (full 0):
 garbage-first heap   total 78848K, used 61231K [0x0000000080000000, 0x0000000100000000)
  region size 1024K, 31 young (31744K), 4 survivors (4096K)
 Metaspace       used 51152K, committed 51648K, reserved 1114112K
  class space    used 6904K, committed 7168K, reserved 1048576K
}
Event: 5.790 GC heap after
{Heap after GC invocations=15 (full 0):
 garbage-first heap   total 78848K, used 37988K [0x0000000080000000, 0x0000000100000000)
  region size 1024K, 4 young (4096K), 4 survivors (4096K)
 Metaspace       used 51152K, committed 51648K, reserved 1114112K
  class space    used 6904K, committed 7168K, reserved 1048576K
}
Event: 5.988 GC heap before
{Heap before GC invocations=15 (full 0):
 garbage-first heap   total 78848K, used 51300K [0x0000000080000000, 0x0000000100000000)
  region size 1024K, 19 young (19456K), 4 survivors (4096K)
 Metaspace       used 51567K, committed 52032K, reserved 1114112K
  class space    used 6951K, committed 7168K, reserved 1048576K
}
Event: 5.992 GC heap after
{Heap after GC invocations=16 (full 0):
 garbage-first heap   total 78848K, used 40147K [0x0000000080000000, 0x0000000100000000)
  region size 1024K, 3 young (3072K), 3 survivors (3072K)
 Metaspace       used 51567K, committed 52032K, reserved 1114112K
  class space    used 6951K, committed 7168K, reserved 1048576K
}
Event: 6.036 GC heap before
{Heap before GC invocations=17 (full 0):
 garbage-first heap   total 78848K, used 46291K [0x0000000080000000, 0x0000000100000000)
  region size 1024K, 6 young (6144K), 3 survivors (3072K)
 Metaspace       used 51738K, committed 52288K, reserved 1114112K
  class space    used 6968K, committed 7232K, reserved 1048576K
}
Event: 6.038 GC heap after
{Heap after GC invocations=18 (full 0):
 garbage-first heap   total 78848K, used 45999K [0x0000000080000000, 0x0000000100000000)
  region size 1024K, 2 young (2048K), 2 survivors (2048K)
 Metaspace       used 51738K, committed 52288K, reserved 1114112K
  class space    used 6968K, committed 7232K, reserved 1048576K
}
Event: 6.153 GC heap before
{Heap before GC invocations=19 (full 0):
 garbage-first heap   total 86016K, used 61359K [0x0000000080000000, 0x0000000100000000)
  region size 1024K, 12 young (12288K), 2 survivors (2048K)
 Metaspace       used 52267K, committed 52736K, reserved 1114112K
  class space    used 7047K, committed 7296K, reserved 1048576K
}

